[2017-08-22 16:16:05.034][debug][command:9e2259eb-fa94-4821-a696-c9b76a2c38f2][tid:548][com.google.common.util.concurrent.ServiceManager] Starting PerfStatsTracking [RUNNING].
[2017-08-22 16:16:05.034][debug][command:9e2259eb-fa94-4821-a696-c9b76a2c38f2][tid:548][com.google.common.util.concurrent.ServiceManager] Started PerfStatsTracking [RUNNING] in 724.7 μs.
[2017-08-22 16:16:05.035][debug][command:9e2259eb-fa94-4821-a696-c9b76a2c38f2][tid:548][com.google.common.util.concurrent.ServiceManager] Starting ProcessTracker [STARTING].
[2017-08-22 16:16:05.035][debug][command:9e2259eb-fa94-4821-a696-c9b76a2c38f2][tid:548][com.facebook.buck.cli.Main] InvocationInfo BuildId=[9e2259eb-fa94-4821-a696-c9b76a2c38f2] Args=[query, --json, kind("apple_binary|apple_library|apple_test|cxx_binary|cxx_library|cxx_test", owner("/Users/macbookpro/Documents/CS/CS101/ejercicios/7-2.c")), --config, client.id=nuclide]
[2017-08-22 16:16:05.035][debug][command:null][tid:559][com.facebook.buck.util.perf.ProcessTracker] startUp
[2017-08-22 16:16:05.035][debug][command:null][tid:559][com.facebook.buck.util.perf.ProcessTracker] startUp
[2017-08-22 16:16:05.036][debug][command:9e2259eb-fa94-4821-a696-c9b76a2c38f2][tid:548][com.facebook.buck.util.environment.MacWifiSsidFinder] Getting current SSID..
[2017-08-22 16:16:05.036][debug][command:9e2259eb-fa94-4821-a696-c9b76a2c38f2][tid:548][com.facebook.buck.util.environment.MacWifiSsidFinder] Getting SSID from Wi-Fi interface: <CWInterface: 0x7f888c0053f0> [interfaceName=en1]
[2017-08-22 16:16:05.038][debug][command:9e2259eb-fa94-4821-a696-c9b76a2c38f2][tid:548][com.facebook.buck.util.environment.MacWifiSsidFinder] Found SSID: ITESM
[2017-08-22 16:16:05.038][debug][command:null][tid:559][com.google.common.util.concurrent.ServiceManager] Started ProcessTracker [RUNNING] in 2.829 ms.
[2017-08-22 16:16:05.038][debug][command:null][tid:559][com.google.common.util.concurrent.ServiceManager] Started ProcessTracker [RUNNING] in 2.829 ms.
[2017-08-22 16:16:05.042][warn ][command:null][tid:562][com.facebook.buck.event.listener.PublicAnnouncementManager] Failed to get public announcements. Reason: Failed to establish connection to server.
[2017-08-22 16:16:05.042][warn ][command:null][tid:562][com.facebook.buck.event.listener.PublicAnnouncementManager] Failed to get public announcements. Reason: Failed to establish connection to server.
[2017-08-22 16:16:10.048][debug][command:9e2259eb-fa94-4821-a696-c9b76a2c38f2][tid:548][com.facebook.buck.parser.Parser] com.facebook.buck.event.DefaultBuckEventBus@4662f252
[2017-08-22 16:16:10.049][debug][command:null][tid:555][com.facebook.buck.io.WatchmanTransportClient] Sending query: [query, /Users/macbookpro/Documents/CS, {since=c:1503420045:10261:2:917, expression=[not, [anyof, [type, d], [dirname, .idea], [dirname, .buckd], [dirname, buck-out/cache], [dirname, buck-out/.trash], [dirname, buck-out], [match, **/*.pbxproj, wholename, {includedotfiles=true}], [match, **/*.xcscheme, wholename, {includedotfiles=true}], [match, **/*.xcworkspacedata, wholename, {includedotfiles=true}], [match, **/*~, wholename, {includedotfiles=true}], [match, **/#*#, wholename, {includedotfiles=true}], [match, **/.#*, wholename, {includedotfiles=true}], [match, **/*.swo, wholename, {includedotfiles=true}], [match, **/*.swp, wholename, {includedotfiles=true}], [match, **/*.swpx, wholename, {includedotfiles=true}], [match, **/*.un~, wholename, {includedotfiles=true}], [match, **/.netrhwist, wholename, {includedotfiles=true}], [match, .idea, wholename, {includedotfiles=true}], [match, .iml, wholename, {includedotfiles=true}], [match, **/*.pydevproject, wholename, {includedotfiles=true}], [match, .project, wholename, {includedotfiles=true}], [match, .metadata, wholename, {includedotfiles=true}], [match, **/*.tmp, wholename, {includedotfiles=true}], [match, **/*.bak, wholename, {includedotfiles=true}], [match, **/*~.nib, wholename, {includedotfiles=true}], [match, .classpath, wholename, {includedotfiles=true}], [match, .settings, wholename, {includedotfiles=true}], [match, .loadpath, wholename, {includedotfiles=true}], [match, .externalToolBuilders, wholename, {includedotfiles=true}], [match, .cproject, wholename, {includedotfiles=true}], [match, .buildpath, wholename, {includedotfiles=true}], [match, .DS_Store, wholename, {includedotfiles=true}], [match, .AppleDouble, wholename, {includedotfiles=true}], [match, .LSOverride, wholename, {includedotfiles=true}], [match, .Spotlight-V100, wholename, {includedotfiles=true}], [match, .Trashes, wholename, {includedotfiles=true}], [match, $RECYCLE.BIN, wholename, {includedotfiles=true}], [match, .*.sublime-workspace, wholename, {includedotfiles=true}]]], empty_on_fresh_instance=true, fields=[name, exists, new]}]
[2017-08-22 16:16:10.049][debug][command:null][tid:555][com.facebook.buck.io.WatchmanTransportClient] Sending query: [query, /Users/macbookpro/Documents/CS, {since=c:1503420045:10261:2:917, expression=[not, [anyof, [type, d], [dirname, .idea], [dirname, .buckd], [dirname, buck-out/cache], [dirname, buck-out/.trash], [dirname, buck-out], [match, **/*.pbxproj, wholename, {includedotfiles=true}], [match, **/*.xcscheme, wholename, {includedotfiles=true}], [match, **/*.xcworkspacedata, wholename, {includedotfiles=true}], [match, **/*~, wholename, {includedotfiles=true}], [match, **/#*#, wholename, {includedotfiles=true}], [match, **/.#*, wholename, {includedotfiles=true}], [match, **/*.swo, wholename, {includedotfiles=true}], [match, **/*.swp, wholename, {includedotfiles=true}], [match, **/*.swpx, wholename, {includedotfiles=true}], [match, **/*.un~, wholename, {includedotfiles=true}], [match, **/.netrhwist, wholename, {includedotfiles=true}], [match, .idea, wholename, {includedotfiles=true}], [match, .iml, wholename, {includedotfiles=true}], [match, **/*.pydevproject, wholename, {includedotfiles=true}], [match, .project, wholename, {includedotfiles=true}], [match, .metadata, wholename, {includedotfiles=true}], [match, **/*.tmp, wholename, {includedotfiles=true}], [match, **/*.bak, wholename, {includedotfiles=true}], [match, **/*~.nib, wholename, {includedotfiles=true}], [match, .classpath, wholename, {includedotfiles=true}], [match, .settings, wholename, {includedotfiles=true}], [match, .loadpath, wholename, {includedotfiles=true}], [match, .externalToolBuilders, wholename, {includedotfiles=true}], [match, .cproject, wholename, {includedotfiles=true}], [match, .buildpath, wholename, {includedotfiles=true}], [match, .DS_Store, wholename, {includedotfiles=true}], [match, .AppleDouble, wholename, {includedotfiles=true}], [match, .LSOverride, wholename, {includedotfiles=true}], [match, .Spotlight-V100, wholename, {includedotfiles=true}], [match, .Trashes, wholename, {includedotfiles=true}], [match, $RECYCLE.BIN, wholename, {includedotfiles=true}], [match, .*.sublime-workspace, wholename, {includedotfiles=true}]]], empty_on_fresh_instance=true, fields=[name, exists, new]}]
[2017-08-22 16:16:10.063][debug][command:9e2259eb-fa94-4821-a696-c9b76a2c38f2][tid:548][com.facebook.buck.io.WatchmanTransportClient] Query [query, /Users/macbookpro/Documents/CS, {since=c:1503420045:10261:2:917, expression=[not, [anyof, [type, d], [dirname, .idea], [dirname, .buckd], [dirname, buck-out/cache], [dirname, buck-out/.trash], [dirname, buck-out], [match, **/*.pbxproj, wholename, {includedotfiles=true}], [match, **/*.xcscheme, wholename, {includedotfiles=true}], [match, **/*.xcworkspacedata, wholename, {includedotfiles=true}], [match, **/*~, wholename, {includedotfiles=true}], [match, **/#*#, wholename, {includedotfiles=true}], [match, **/.#*, wholename, {includedotfiles=true}], [match, **/*.swo, wholename, {includedotfiles=true}], [match, **/*.swp, wholename, {includedotfiles=true}], [match, **/*.swpx, wholename, {includedotfiles=true}], [match, **/*.un~, wholename, {includedotfiles=true}], [match, **/.netrhwist, wholename, {includedotfiles=true}], [match, .idea, wholename, {includedotfiles=true}], [match, .iml, wholename, {includedotfiles=true}], [match, **/*.pydevproject, wholename, {includedotfiles=true}], [match, .project, wholename, {includedotfiles=true}], [match, .metadata, wholename, {includedotfiles=true}], [match, **/*.tmp, wholename, {includedotfiles=true}], [match, **/*.bak, wholename, {includedotfiles=true}], [match, **/*~.nib, wholename, {includedotfiles=true}], [match, .classpath, wholename, {includedotfiles=true}], [match, .settings, wholename, {includedotfiles=true}], [match, .loadpath, wholename, {includedotfiles=true}], [match, .externalToolBuilders, wholename, {includedotfiles=true}], [match, .cproject, wholename, {includedotfiles=true}], [match, .buildpath, wholename, {includedotfiles=true}], [match, .DS_Store, wholename, {includedotfiles=true}], [match, .AppleDouble, wholename, {includedotfiles=true}], [match, .LSOverride, wholename, {includedotfiles=true}], [match, .Spotlight-V100, wholename, {includedotfiles=true}], [match, .Trashes, wholename, {includedotfiles=true}], [match, $RECYCLE.BIN, wholename, {includedotfiles=true}], [match, .*.sublime-workspace, wholename, {includedotfiles=true}]]], empty_on_fresh_instance=true, fields=[name, exists, new]}] returned in 13 ms
[2017-08-22 16:16:10.066][debug][command:9e2259eb-fa94-4821-a696-c9b76a2c38f2][tid:548][com.facebook.buck.util.WatchmanWatcher] Updating Watchman Cursor from c:1503420045:10261:2:917 to c:1503420045:10261:2:953
[2017-08-22 16:16:10.067][warn ][command:9e2259eb-fa94-4821-a696-c9b76a2c38f2][tid:548][com.facebook.buck.util.WatchmanWatcher] Posting WatchEvent: WatchmanPathEvent{cellPath=/Users/macbookpro/Documents/CS, kind=MODIFY, path=.git/index}
[2017-08-22 16:16:10.067][debug][command:9e2259eb-fa94-4821-a696-c9b76a2c38f2][tid:548][com.facebook.buck.util.WatchmanWatcher] Posted 1 Watchman events.
[2017-08-22 16:16:10.071][debug][command:9e2259eb-fa94-4821-a696-c9b76a2c38f2][tid:548][com.facebook.buck.cli.QueryCommand] Printing out the following targets: []
[2017-08-22 16:16:10.072][info ][command:9e2259eb-fa94-4821-a696-c9b76a2c38f2][tid:548][com.facebook.buck.cli.Main] Awaiting termination of HTTP Write executor service. Waiting for all jobs to complete, or up to maximum of 1800 seconds...
[2017-08-22 16:16:10.072][info ][command:9e2259eb-fa94-4821-a696-c9b76a2c38f2][tid:548][com.facebook.buck.cli.Main] Awaiting termination of CounterAggregatorExecutor executor service. Waiting for all jobs to complete, or up to maximum of 20 seconds...
[2017-08-22 16:16:10.072][debug][command:9e2259eb-fa94-4821-a696-c9b76a2c38f2][tid:559][com.facebook.buck.util.perf.ProcessTracker] shutDown
[2017-08-22 16:16:10.072][debug][command:9e2259eb-fa94-4821-a696-c9b76a2c38f2][tid:558][com.google.common.util.concurrent.ServiceManager] Service PerfStatsTracking [TERMINATED] has terminated. Previous state was: STOPPING
[2017-08-22 16:16:10.074][debug][command:null][tid:559][com.google.common.util.concurrent.ServiceManager] Service ProcessTracker [TERMINATED] has terminated. Previous state was: STOPPING
[2017-08-22 16:16:10.082][info ][command:null][tid:548][com.facebook.buck.log.GlobalStateManager] It's possible another concurrent buck command removed the file.
java.nio.file.NoSuchFileException: buck-out/log/last_no_sub_command
	at sun.nio.fs.UnixException.translateToIOException(UnixException.java:86)
	at sun.nio.fs.UnixException.rethrowAsIOException(UnixException.java:102)
	at sun.nio.fs.UnixException.rethrowAsIOException(UnixException.java:107)
	at sun.nio.fs.UnixFileAttributeViews$Basic.readAttributes(UnixFileAttributeViews.java:55)
	at sun.nio.fs.UnixFileSystemProvider.readAttributes(UnixFileSystemProvider.java:144)
	at java.nio.file.Files.readAttributes(Files.java:1737)
	at com.facebook.buck.util.DirectoryCleaner.computePathStats(DirectoryCleaner.java:96)
	at com.facebook.buck.util.DirectoryCleaner.clean(DirectoryCleaner.java:53)
	at com.facebook.buck.log.GlobalStateManager$1.close(GlobalStateManager.java:143)
	at com.facebook.buck.cli.Main.runMainWithExitCode(Main.java:956)
	at com.facebook.buck.cli.Main.runMainThenExit(Main.java:329)
	at com.facebook.buck.cli.Main.nailMain(Main.java:1674)
	at sun.reflect.NativeMethodAccessorImpl.invoke0(Native Method)
	at sun.reflect.NativeMethodAccessorImpl.invoke(NativeMethodAccessorImpl.java:62)
	at sun.reflect.DelegatingMethodAccessorImpl.invoke(DelegatingMethodAccessorImpl.java:43)
	at java.lang.reflect.Method.invoke(Method.java:498)
	at com.martiansoftware.nailgun.NGSession.run(NGSession.java:338)

[2017-08-22 16:16:10.082][info ][command:null][tid:548][com.facebook.buck.cli.Main] Awaiting termination of NETWORK executor service. Waiting for all jobs to complete, or up to maximum of 60 seconds...
[2017-08-22 16:16:10.082][info ][command:null][tid:548][com.facebook.buck.cli.Main] Awaiting termination of PROJECT executor service. Waiting for all jobs to complete, or up to maximum of 60 seconds...
[2017-08-22 16:16:10.083][info ][command:null][tid:548][com.facebook.buck.cli.Main] Awaiting termination of CPU executor service. Waiting for all jobs to complete, or up to maximum of 60 seconds...
[2017-08-22 16:16:10.083][info ][command:null][tid:548][com.facebook.buck.cli.Main] Awaiting termination of Disk IO executor service. Waiting for all jobs to complete, or up to maximum of 10 seconds...
[2017-08-22 16:16:10.083][warn ][command:null][tid:552][com.martiansoftware.nailgun.NGInputStream] Nailgun client read future was interrupted
java.lang.InterruptedException
	at java.util.concurrent.FutureTask.awaitDone(FutureTask.java:404)
	at java.util.concurrent.FutureTask.get(FutureTask.java:204)
	at com.martiansoftware.nailgun.NGInputStream$1.run(NGInputStream.java:91)
	at java.util.concurrent.Executors$RunnableAdapter.call(Executors.java:511)
	at java.util.concurrent.FutureTask.run(FutureTask.java:266)
	at java.util.concurrent.ThreadPoolExecutor.runWorker(ThreadPoolExecutor.java:1149)
	at java.util.concurrent.ThreadPoolExecutor$Worker.run(ThreadPoolExecutor.java:624)
	at java.lang.Thread.run(Thread.java:748)

[2017-08-22 16:16:10.083][debug][command:null][tid:548][com.facebook.buck.event.listener.ChromeTraceBuildListener] Writing Chrome trace to buck-out/log/2017-08-22_21h16m05s_querycommand_9e2259eb-fa94-4821-a696-c9b76a2c38f2/build.2017-08-22.16-16-05.9e2259eb-fa94-4821-a696-c9b76a2c38f2.trace
[2017-08-22 16:16:10.085][debug][command:null][tid:552][com.martiansoftware.nailgun.NGInputStream] Nailgun client read shutting down
[2017-08-22 16:16:10.089][debug][command:null][tid:548][com.facebook.buck.io.WatchmanTransportClient] Closing Watchman transport.
[2017-08-22 16:16:10.089][debug][command:null][tid:548][com.facebook.buck.cli.Main] Done.
