[2017-08-18 12:07:58.601][debug][command:852d2472-40e5-40bd-847e-e230497bcc63][tid:01][com.facebook.buck.event.listener.SuperConsoleEventBusListener] Starting render scheduler (interval 100 ms)
[2017-08-18 12:07:58.696][debug][command:852d2472-40e5-40bd-847e-e230497bcc63][tid:01][com.google.common.util.concurrent.ServiceManager] Starting PerfStatsTracking [RUNNING].
[2017-08-18 12:07:58.696][debug][command:852d2472-40e5-40bd-847e-e230497bcc63][tid:01][com.google.common.util.concurrent.ServiceManager] Started PerfStatsTracking [RUNNING] in 642.4 μs.
[2017-08-18 12:07:58.706][debug][command:852d2472-40e5-40bd-847e-e230497bcc63][tid:01][com.google.common.util.concurrent.ServiceManager] Starting ProcessTracker [STARTING].
[2017-08-18 12:07:58.706][debug][command:null][tid:19][com.facebook.buck.util.perf.ProcessTracker] startUp
[2017-08-18 12:07:58.706][debug][command:null][tid:19][com.facebook.buck.util.perf.ProcessTracker] startUp
[2017-08-18 12:07:58.706][debug][command:852d2472-40e5-40bd-847e-e230497bcc63][tid:01][com.facebook.buck.cli.Main] InvocationInfo BuildId=[852d2472-40e5-40bd-847e-e230497bcc63] Args=[build]
[2017-08-18 12:07:58.809][debug][command:852d2472-40e5-40bd-847e-e230497bcc63][tid:01][com.facebook.buck.util.environment.MacWifiSsidFinder] Getting current SSID..
[2017-08-18 12:07:58.909][debug][command:852d2472-40e5-40bd-847e-e230497bcc63][tid:01][com.facebook.buck.util.environment.MacWifiSsidFinder] Getting SSID from Wi-Fi interface: <CWInterface: 0x7f9ac6f6aab0> [interfaceName=en1]
[2017-08-18 12:07:58.912][debug][command:852d2472-40e5-40bd-847e-e230497bcc63][tid:01][com.facebook.buck.util.environment.MacWifiSsidFinder] Found SSID: ITESM
[2017-08-18 12:07:58.930][debug][command:null][tid:19][com.google.common.util.concurrent.ServiceManager] Started ProcessTracker [RUNNING] in 224.8 ms.
[2017-08-18 12:07:58.930][debug][command:null][tid:19][com.google.common.util.concurrent.ServiceManager] Started ProcessTracker [RUNNING] in 224.8 ms.
[2017-08-18 12:08:00.004][warn ][command:null][tid:23][com.facebook.buck.event.listener.PublicAnnouncementManager] Failed to get public announcements. Reason: Failed to establish connection to server.
[2017-08-18 12:08:00.004][warn ][command:null][tid:23][com.facebook.buck.event.listener.PublicAnnouncementManager] Failed to get public announcements. Reason: Failed to establish connection to server.
[2017-08-18 12:08:00.033][info ][command:null][tid:24][com.facebook.buck.util.versioncontrol.VersionControlStatsGenerator] Starting generation of version control stats.
[2017-08-18 12:08:00.033][info ][command:null][tid:24][com.facebook.buck.util.versioncontrol.VersionControlStatsGenerator] Starting generation of version control stats.
[2017-08-18 12:08:00.045][debug][command:null][tid:24][com.facebook.buck.util.versioncontrol.VersionControlCmdLineInterface] Executing command: hg log -l 1 --template {node|short}
[2017-08-18 12:08:00.045][debug][command:null][tid:24][com.facebook.buck.util.versioncontrol.VersionControlCmdLineInterface] Executing command: hg log -l 1 --template {node|short}
[2017-08-18 12:08:00.104][warn ][command:null][tid:24][com.facebook.buck.util.versioncontrol.DelegatingVersionControlCmdLineInterface] Mercurial is the only VCS supported for VCS stats generation, however current project (which has enabled VCS stats generation in its .buckconfig) does not appear to be a Mercurial repository: 
com.facebook.buck.util.versioncontrol.VersionControlCommandFailedException: java.io.IOException: Cannot run program "hg" (in directory "/Users/macbookpro/Documents/CS"): error=2, No such file or directory
[2017-08-18 12:08:00.104][warn ][command:null][tid:24][com.facebook.buck.util.versioncontrol.DelegatingVersionControlCmdLineInterface] Mercurial is the only VCS supported for VCS stats generation, however current project (which has enabled VCS stats generation in its .buckconfig) does not appear to be a Mercurial repository: 
com.facebook.buck.util.versioncontrol.VersionControlCommandFailedException: java.io.IOException: Cannot run program "hg" (in directory "/Users/macbookpro/Documents/CS"): error=2, No such file or directory
[2017-08-18 12:08:00.104][debug][command:null][tid:24][com.facebook.buck.util.versioncontrol.DelegatingVersionControlCmdLineInterface] Using NoOpCmdLineInterface.
[2017-08-18 12:08:00.104][debug][command:null][tid:24][com.facebook.buck.util.versioncontrol.DelegatingVersionControlCmdLineInterface] Using NoOpCmdLineInterface.
[2017-08-18 12:08:00.106][warn ][command:null][tid:24][com.facebook.buck.util.versioncontrol.VersionControlStatsGenerator] Skipping generation of version control stats as unsupported repository type.
[2017-08-18 12:08:00.106][warn ][command:null][tid:24][com.facebook.buck.util.versioncontrol.VersionControlStatsGenerator] Skipping generation of version control stats as unsupported repository type.
[2017-08-18 12:08:05.240][warn ][command:852d2472-40e5-40bd-847e-e230497bcc63][tid:01][com.facebook.buck.util.Console] Build failure: Must specify at least one build target.
[2017-08-18 12:08:05.241][info ][command:852d2472-40e5-40bd-847e-e230497bcc63][tid:01][com.facebook.buck.cli.Main] Awaiting termination of HTTP Write executor service. Waiting for all jobs to complete, or up to maximum of 1800 seconds...
[2017-08-18 12:08:05.243][info ][command:852d2472-40e5-40bd-847e-e230497bcc63][tid:01][com.facebook.buck.cli.Main] Awaiting termination of CounterAggregatorExecutor executor service. Waiting for all jobs to complete, or up to maximum of 20 seconds...
[2017-08-18 12:08:05.247][debug][command:852d2472-40e5-40bd-847e-e230497bcc63][tid:19][com.facebook.buck.util.perf.ProcessTracker] shutDown
[2017-08-18 12:08:05.247][debug][command:852d2472-40e5-40bd-847e-e230497bcc63][tid:18][com.google.common.util.concurrent.ServiceManager] Service PerfStatsTracking [TERMINATED] has terminated. Previous state was: STOPPING
[2017-08-18 12:08:05.248][debug][command:852d2472-40e5-40bd-847e-e230497bcc63][tid:01][com.facebook.buck.event.listener.SuperConsoleEventBusListener] Stopping render scheduler
[2017-08-18 12:08:05.264][debug][command:852d2472-40e5-40bd-847e-e230497bcc63][tid:01][com.facebook.buck.event.listener.SuperConsoleEventBusListener] Stopping render scheduler
[2017-08-18 12:08:05.264][debug][command:852d2472-40e5-40bd-847e-e230497bcc63][tid:01][com.facebook.buck.event.listener.SuperConsoleEventBusListener] Stopping console output (stdout dirty false, stderr dirty true).
[2017-08-18 12:08:05.266][debug][command:null][tid:19][com.google.common.util.concurrent.ServiceManager] Service ProcessTracker [TERMINATED] has terminated. Previous state was: STOPPING
[2017-08-18 12:08:05.271][info ][command:null][tid:01][com.facebook.buck.cli.Main] Awaiting termination of CPU executor service. Waiting for all jobs to complete, or up to maximum of 60 seconds...
[2017-08-18 12:08:05.271][info ][command:null][tid:01][com.facebook.buck.cli.Main] Awaiting termination of NETWORK executor service. Waiting for all jobs to complete, or up to maximum of 60 seconds...
[2017-08-18 12:08:05.272][info ][command:null][tid:01][com.facebook.buck.cli.Main] Awaiting termination of PROJECT executor service. Waiting for all jobs to complete, or up to maximum of 60 seconds...
[2017-08-18 12:08:05.272][info ][command:null][tid:01][com.facebook.buck.cli.Main] Awaiting termination of Disk IO executor service. Waiting for all jobs to complete, or up to maximum of 10 seconds...
[2017-08-18 12:08:05.272][debug][command:null][tid:01][com.facebook.buck.event.listener.ChromeTraceBuildListener] Writing Chrome trace to buck-out/log/2017-08-18_17h07m58s_buildcommand_852d2472-40e5-40bd-847e-e230497bcc63/build.2017-08-18.12-07-59.852d2472-40e5-40bd-847e-e230497bcc63.trace
[2017-08-18 12:08:05.295][debug][command:null][tid:01][com.facebook.buck.cli.Main] Done.
