[2017-08-18 12:21:12.437][debug][command:null][tid:128][com.facebook.buck.cli.Main] Starting up (build date 2017-05-31 05:34:58 -0500, rev v2017.05.31.01), args: [build, CS101]
[2017-08-18 12:21:12.440][debug][command:null][tid:128][com.facebook.buck.cli.Main] System properties: {java.vendor=Oracle Corporation, sun.java.launcher=SUN_STANDARD, sun.management.compiler=HotSpot 64-Bit Tiered Compilers, jnidispatch.path=/Users/macbookpro/Documents/CS/.buckd/tmp/buck_run.rogmnW/jna-1629665013/jna5913132465070709127.tmp, os.name=Mac OS X, buck.enable_objc=true, sun.boot.class.path=/Library/Java/JavaVirtualMachines/jdk1.8.0_144.jdk/Contents/Home/jre/lib/resources.jar:/Library/Java/JavaVirtualMachines/jdk1.8.0_144.jdk/Contents/Home/jre/lib/rt.jar:/Library/Java/JavaVirtualMachines/jdk1.8.0_144.jdk/Contents/Home/jre/lib/sunrsasign.jar:/Library/Java/JavaVirtualMachines/jdk1.8.0_144.jdk/Contents/Home/jre/lib/jsse.jar:/Library/Java/JavaVirtualMachines/jdk1.8.0_144.jdk/Contents/Home/jre/lib/jce.jar:/Library/Java/JavaVirtualMachines/jdk1.8.0_144.jdk/Contents/Home/jre/lib/charsets.jar:/Library/Java/JavaVirtualMachines/jdk1.8.0_144.jdk/Contents/Home/jre/lib/jfr.jar:/Library/Java/JavaVirtualMachines/jdk1.8.0_144.jdk/Contents/Home/jre/classes, buck.resource_lock_path=/Users/macbookpro/Documents/CS/.buckd/resources/v2017.05.31.01/.buck_lock, java.vm.specification.vendor=Oracle Corporation, java.runtime.version=1.8.0_144-b01, jna.loaded=true, buck.testrunner_classes=/Users/macbookpro/Documents/CS/.buckd/resources/v2017.05.31.01/testrunner_classes, buck.logging_config_file=/Users/macbookpro/Documents/CS/.buckd/resources/v2017.05.31.01/logging_config_file, buck.path_to_sh_binary_template=/Users/macbookpro/Documents/CS/.buckd/resources/v2017.05.31.01/path_to_sh_binary_template, user.name=macbookpro, buck.path_to_pywatchman=/Users/macbookpro/Documents/CS/.buckd/resources/v2017.05.31.01/path_to_pywatchman, buck.report_generator_jar=/Users/macbookpro/Documents/CS/.buckd/resources/v2017.05.31.01/report_generator_jar, buck.git_commit=v2017.05.31.01, user.language=en, sun.boot.library.path=/Library/Java/JavaVirtualMachines/jdk1.8.0_144.jdk/Contents/Home/jre/lib, java.version=1.8.0_144, user.timezone=America/Mexico_City, buck.test_util_no_tests_dir=true, sun.arch.data.model=64, http.nonProxyHosts=local|*.local|169.254/16|*.169.254/16, java.endorsed.dirs=/Library/Java/JavaVirtualMachines/jdk1.8.0_144.jdk/Contents/Home/jre/lib/endorsed, sun.cpu.isalist=, sun.jnu.encoding=UTF-8, file.encoding.pkg=sun.io, file.separator=/, java.specification.name=Java Platform API Specification, buck.jacoco_agent_jar=/Users/macbookpro/Documents/CS/.buckd/resources/v2017.05.31.01/jacoco_agent_jar, java.class.version=52.0, user.country=US, java.home=/Library/Java/JavaVirtualMachines/jdk1.8.0_144.jdk/Contents/Home/jre, java.vm.info=mixed mode, os.version=10.12.5, buck.version_uid=v2017.05.31.01, org.eclipse.jetty.util.log.class=org.eclipse.jetty.util.log.JavaUtilLog, path.separator=:, java.vm.version=25.144-b01, java.awt.printerjob=sun.lwawt.macosx.CPrinterJob, sun.io.unicode.encoding=UnicodeBig, awt.toolkit=sun.lwawt.macosx.LWCToolkit, socksNonProxyHosts=local|*.local|169.254/16|*.169.254/16, buck.buck_build_type_info=/Users/macbookpro/Documents/CS/.buckd/resources/v2017.05.31.01/buck_build_type_info, ftp.nonProxyHosts=local|*.local|169.254/16|*.169.254/16, buck.dx=/Users/macbookpro/Documents/CS/.buckd/resources/v2017.05.31.01/dx, buck.git_commit_timestamp=1496226898, user.home=/Users/macbookpro, buck.path_to_asm_jar=/Users/macbookpro/Documents/CS/.buckd/resources/v2017.05.31.01/path_to_asm_jar, java.specification.vendor=Oracle Corporation, buck.git_dirty=0, java.library.path=/Users/macbookpro/Documents/CS/.buckd/resources/v2017.05.31.01, java.vendor.url=http://java.oracle.com/, java.vm.vendor=Oracle Corporation, gopherProxySet=false, java.runtime.name=Java(TM) SE Runtime Environment, sun.java.command=com.facebook.buck.cli.bootstrapper.ClassLoaderBootstrapper com.facebook.buck.cli.Main$DaemonBootstrap local:.buckd/sock 60000, java.class.path=/Users/macbookpro/Documents/CS/.buckd/resources/v2017.05.31.01/bootstrapper_jar, buck.buckd_dir=/Users/macbookpro/Documents/CS/.buckd, buck.path_to_pathlib_py=/Users/macbookpro/Documents/CS/.buckd/resources/v2017.05.31.01/pathlib.py, buck.buckd_launch_time_nanos=34943697622420, java.vm.specification.name=Java Virtual Machine Specification, com.martiansoftware.nailgun.NGServer.outputPath=/Users/macbookpro/Documents/CS/.buckd/tmp/buck_run.rogmnW/ngserver-out, java.vm.specification.version=1.8, sun.cpu.endian=little, buck.path_to_rawmanifest_py=/Users/macbookpro/Documents/CS/.buckd/resources/v2017.05.31.01/rawmanifest.py, sun.os.patch.level=unknown, java.awt.headless=true, java.io.tmpdir=/Users/macbookpro/Documents/CS/.buckd/tmp/buck_run.rogmnW, buck.android_agent_path=/Users/macbookpro/Documents/CS/.buckd/resources/v2017.05.31.01/android_agent_path, java.vendor.url.bug=http://bugreport.sun.com/bugreport/, jna.platform.library.path=/usr/lib:/usr/lib, os.arch=x86_64, java.awt.graphicsenv=sun.awt.CGraphicsEnvironment, buck.path_to_pex=/Users/macbookpro/Documents/CS/.buckd/resources/v2017.05.31.01/path_to_pex, java.ext.dirs=/Users/macbookpro/Library/Java/Extensions:/Library/Java/JavaVirtualMachines/jdk1.8.0_144.jdk/Contents/Home/jre/lib/ext:/Library/Java/Extensions:/Network/Library/Java/Extensions:/System/Library/Java/Extensions:/usr/lib/java, java.util.logging.config.class=com.facebook.buck.cli.bootstrapper.LogConfig, user.dir=/Users/macbookpro/Documents/CS, line.separator=
, java.vm.name=Java HotSpot(TM) 64-Bit Server VM, buck.path_to_typing=/Users/macbookpro/Documents/CS/.buckd/resources/v2017.05.31.01/path_to_typing, buck.native_exopackage_fake_path=/Users/macbookpro/Documents/CS/.buckd/resources/v2017.05.31.01/native_exopackage_fake_path, file.encoding=UTF-8, java.specification.version=1.8}
[2017-08-18 12:21:12.441][debug][command:null][tid:128][com.facebook.buck.config.Configs] Loading configuration for /Users/macbookpro/Documents/CS
[2017-08-18 12:21:12.442][debug][command:null][tid:128][com.facebook.buck.config.Configs] Loaded a configuration file /Users/macbookpro/Documents/CS/.buckconfig: {}
[2017-08-18 12:21:12.442][debug][command:null][tid:128][com.facebook.buck.config.Configs] Adding configuration overrides RawConfig{values={}}
[2017-08-18 12:21:12.445][info ][command:null][tid:128][com.facebook.buck.io.Watchman] Creating for: [/Users/macbookpro/Documents/CS]
[2017-08-18 12:21:12.448][debug][command:null][tid:128][com.facebook.buck.io.ExecutableFinder] Executable 'watchman' mapped to 'Optional[/usr/local/bin/watchman]'
[2017-08-18 12:21:12.448][debug][command:null][tid:128][com.facebook.buck.util.ListeningProcessExecutor] Launching process with params ProcessExecutorParams{command=[/usr/local/bin/watchman, --output-encoding=bser, get-sockname]}
[2017-08-18 12:21:12.450][debug][command:null][tid:128][com.facebook.buck.util.ListeningProcessExecutor] Successfully launched process com.zaxxer.nuprocess.osx.OsxProcess@3dc5a8f2
[2017-08-18 12:21:12.450][debug][command:null][tid:128][com.facebook.buck.util.ListeningProcessExecutor] Waiting for process com.facebook.buck.util.ListeningProcessExecutor$LaunchedProcessImpl@7568b207 timeout 1000000000 NANOSECONDS
[2017-08-18 12:21:12.539][debug][command:null][tid:128][com.facebook.buck.util.ListeningProcessExecutor] Wait for process returned 0
[2017-08-18 12:21:12.539][debug][command:null][tid:128][com.facebook.buck.io.Watchman] Waited 88 ms for Watchman command get-sockname, exit code 0
[2017-08-18 12:21:12.540][debug][command:null][tid:128][com.facebook.buck.io.Watchman] stdout of command: {version=4.7.0, sockname=/usr/local/var/run/watchman/macbookpro-state/sock}
[2017-08-18 12:21:12.540][info ][command:null][tid:128][com.facebook.buck.io.Watchman] Connecting to Watchman version 4.7.0 at /usr/local/var/run/watchman/macbookpro-state/sock
[2017-08-18 12:21:12.541][debug][command:null][tid:128][com.facebook.buck.io.Watchman] Connected to Watchman
[2017-08-18 12:21:12.542][debug][command:null][tid:135][com.facebook.buck.io.WatchmanTransportClient] Sending query: [version, {required=[cmd-watch-project], optional=[term-dirname, cmd-watch-project, wildmatch, wildmatch_multislash, glob_generator, clock-sync-timeout]}]
[2017-08-18 12:21:12.544][debug][command:null][tid:128][com.facebook.buck.io.WatchmanTransportClient] Query [version, {required=[cmd-watch-project], optional=[term-dirname, cmd-watch-project, wildmatch, wildmatch_multislash, glob_generator, clock-sync-timeout]}] returned in 2 ms
[2017-08-18 12:21:12.544][info ][command:null][tid:128][com.facebook.buck.io.Watchman] Took 2 ms to query capabilities {term-dirname=DIRNAME, cmd-watch-project=SUPPORTS_PROJECT_WATCH, wildmatch=WILDMATCH_GLOB, wildmatch_multislash=WILDMATCH_MULTISLASH, glob_generator=GLOB_GENERATOR, clock-sync-timeout=CLOCK_SYNC_TIMEOUT}
[2017-08-18 12:21:12.545][debug][command:null][tid:128][com.facebook.buck.io.Watchman] Got capabilities response: {term-dirname=true, cmd-watch-project=true, wildmatch=true, wildmatch_multislash=false, glob_generator=true, clock-sync-timeout=true}
[2017-08-18 12:21:12.545][debug][command:null][tid:128][com.facebook.buck.io.Watchman] Got Watchman capabilities: [DIRNAME, SUPPORTS_PROJECT_WATCH, WILDMATCH_GLOB, GLOB_GENERATOR, CLOCK_SYNC_TIMEOUT]
[2017-08-18 12:21:12.545][info ][command:null][tid:128][com.facebook.buck.io.Watchman] Adding watchman root: /Users/macbookpro/Documents/CS
[2017-08-18 12:21:12.545][debug][command:null][tid:135][com.facebook.buck.io.WatchmanTransportClient] Sending query: [watch-project, /Users/macbookpro/Documents/CS]
[2017-08-18 12:21:12.546][debug][command:null][tid:128][com.facebook.buck.io.WatchmanTransportClient] Query [watch-project, /Users/macbookpro/Documents/CS] returned in 0 ms
[2017-08-18 12:21:12.546][debug][command:null][tid:135][com.facebook.buck.io.WatchmanTransportClient] Sending query: [watch-project, /Users/macbookpro/Documents/CS]
[2017-08-18 12:21:12.547][debug][command:null][tid:128][com.facebook.buck.io.WatchmanTransportClient] Query [watch-project, /Users/macbookpro/Documents/CS] returned in 0 ms
[2017-08-18 12:21:12.547][info ][command:null][tid:128][com.facebook.buck.io.Watchman] Took 1 ms to add root /Users/macbookpro/Documents/CS
[2017-08-18 12:21:12.548][debug][command:null][tid:135][com.facebook.buck.io.WatchmanTransportClient] Sending query: [clock, /Users/macbookpro/Documents/CS, {sync_timeout=100}]
[2017-08-18 12:21:12.560][debug][command:null][tid:128][com.facebook.buck.io.WatchmanTransportClient] Query [clock, /Users/macbookpro/Documents/CS, {sync_timeout=100}] returned in 12 ms
[2017-08-18 12:21:12.560][info ][command:null][tid:128][com.facebook.buck.io.Watchman] Took 12 ms to query for initial clock id Optional[c:1503076198:8813:1:134]
[2017-08-18 12:21:12.560][debug][command:null][tid:128][com.facebook.buck.cli.Main] Watchman capabilities: [DIRNAME, SUPPORTS_PROJECT_WATCH, WILDMATCH_GLOB, GLOB_GENERATOR, CLOCK_SYNC_TIMEOUT] Project watches: {/Users/macbookpro/Documents/CS=ProjectWatch{watchRoot=/Users/macbookpro/Documents/CS}} Glob handler config: PYTHON Query timeout ms config: Optional.empty
[2017-08-18 12:21:12.565][debug][command:818aee5b-6b4c-4458-a67d-a619e8ffbc41][tid:128][com.facebook.buck.event.listener.SuperConsoleEventBusListener] Starting render scheduler (interval 100 ms)
[2017-08-18 12:21:12.566][debug][command:818aee5b-6b4c-4458-a67d-a619e8ffbc41][tid:128][com.google.common.util.concurrent.ServiceManager] Starting PerfStatsTracking [RUNNING].
[2017-08-18 12:21:12.567][debug][command:818aee5b-6b4c-4458-a67d-a619e8ffbc41][tid:128][com.google.common.util.concurrent.ServiceManager] Starting ProcessTracker [STARTING].
[2017-08-18 12:21:12.567][debug][command:null][tid:140][com.facebook.buck.util.perf.ProcessTracker] startUp
[2017-08-18 12:21:12.567][debug][command:null][tid:139][com.google.common.util.concurrent.ServiceManager] Started PerfStatsTracking [RUNNING] in 849.1 μs.
[2017-08-18 12:21:12.567][debug][command:818aee5b-6b4c-4458-a67d-a619e8ffbc41][tid:128][com.facebook.buck.cli.Main] InvocationInfo BuildId=[818aee5b-6b4c-4458-a67d-a619e8ffbc41] Args=[build, CS101]
[2017-08-18 12:21:12.568][debug][command:818aee5b-6b4c-4458-a67d-a619e8ffbc41][tid:128][com.facebook.buck.util.environment.MacWifiSsidFinder] Getting current SSID..
[2017-08-18 12:21:12.569][debug][command:null][tid:140][com.google.common.util.concurrent.ServiceManager] Started ProcessTracker [RUNNING] in 2.527 ms.
[2017-08-18 12:21:12.569][debug][command:818aee5b-6b4c-4458-a67d-a619e8ffbc41][tid:128][com.facebook.buck.util.environment.MacWifiSsidFinder] Getting SSID from Wi-Fi interface: <CWInterface: 0x7fe88c620b50> [interfaceName=en1]
[2017-08-18 12:21:12.572][debug][command:818aee5b-6b4c-4458-a67d-a619e8ffbc41][tid:128][com.facebook.buck.util.environment.MacWifiSsidFinder] Found SSID: ITESM
[2017-08-18 12:21:12.579][info ][command:null][tid:144][com.facebook.buck.util.versioncontrol.VersionControlStatsGenerator] Starting generation of version control stats.
[2017-08-18 12:21:12.579][warn ][command:null][tid:143][com.facebook.buck.event.listener.PublicAnnouncementManager] Failed to get public announcements. Reason: Failed to establish connection to server.
[2017-08-18 12:21:12.579][debug][command:null][tid:144][com.facebook.buck.util.versioncontrol.VersionControlCmdLineInterface] Executing command: hg log -l 1 --template {node|short}
[2017-08-18 12:21:12.603][warn ][command:null][tid:144][com.facebook.buck.util.versioncontrol.DelegatingVersionControlCmdLineInterface] Mercurial is the only VCS supported for VCS stats generation, however current project (which has enabled VCS stats generation in its .buckconfig) does not appear to be a Mercurial repository: 
com.facebook.buck.util.versioncontrol.VersionControlCommandFailedException: java.io.IOException: Cannot run program "hg" (in directory "/Users/macbookpro/Documents/CS"): error=2, No such file or directory
[2017-08-18 12:21:12.604][debug][command:null][tid:144][com.facebook.buck.util.versioncontrol.DelegatingVersionControlCmdLineInterface] Using NoOpCmdLineInterface.
[2017-08-18 12:21:12.604][warn ][command:null][tid:144][com.facebook.buck.util.versioncontrol.VersionControlStatsGenerator] Skipping generation of version control stats as unsupported repository type.
[2017-08-18 12:21:17.585][debug][command:818aee5b-6b4c-4458-a67d-a619e8ffbc41][tid:128][com.facebook.buck.parser.Parser] com.facebook.buck.event.DefaultBuckEventBus@9439432
[2017-08-18 12:21:17.585][debug][command:null][tid:135][com.facebook.buck.io.WatchmanTransportClient] Sending query: [query, /Users/macbookpro/Documents/CS, {since=c:1503076198:8813:1:121, expression=[not, [anyof, [type, d], [dirname, .idea], [dirname, .buckd], [dirname, buck-out/cache], [dirname, buck-out/.trash], [dirname, buck-out], [match, **/*.pbxproj, wholename, {includedotfiles=true}], [match, **/*.xcscheme, wholename, {includedotfiles=true}], [match, **/*.xcworkspacedata, wholename, {includedotfiles=true}], [match, **/*~, wholename, {includedotfiles=true}], [match, **/#*#, wholename, {includedotfiles=true}], [match, **/.#*, wholename, {includedotfiles=true}], [match, **/*.swo, wholename, {includedotfiles=true}], [match, **/*.swp, wholename, {includedotfiles=true}], [match, **/*.swpx, wholename, {includedotfiles=true}], [match, **/*.un~, wholename, {includedotfiles=true}], [match, **/.netrhwist, wholename, {includedotfiles=true}], [match, .idea, wholename, {includedotfiles=true}], [match, .iml, wholename, {includedotfiles=true}], [match, **/*.pydevproject, wholename, {includedotfiles=true}], [match, .project, wholename, {includedotfiles=true}], [match, .metadata, wholename, {includedotfiles=true}], [match, **/*.tmp, wholename, {includedotfiles=true}], [match, **/*.bak, wholename, {includedotfiles=true}], [match, **/*~.nib, wholename, {includedotfiles=true}], [match, .classpath, wholename, {includedotfiles=true}], [match, .settings, wholename, {includedotfiles=true}], [match, .loadpath, wholename, {includedotfiles=true}], [match, .externalToolBuilders, wholename, {includedotfiles=true}], [match, .cproject, wholename, {includedotfiles=true}], [match, .buildpath, wholename, {includedotfiles=true}], [match, .DS_Store, wholename, {includedotfiles=true}], [match, .AppleDouble, wholename, {includedotfiles=true}], [match, .LSOverride, wholename, {includedotfiles=true}], [match, .Spotlight-V100, wholename, {includedotfiles=true}], [match, .Trashes, wholename, {includedotfiles=true}], [match, $RECYCLE.BIN, wholename, {includedotfiles=true}], [match, .*.sublime-workspace, wholename, {includedotfiles=true}]]], empty_on_fresh_instance=true, fields=[name, exists, new]}]
[2017-08-18 12:21:17.599][debug][command:818aee5b-6b4c-4458-a67d-a619e8ffbc41][tid:128][com.facebook.buck.io.WatchmanTransportClient] Query [query, /Users/macbookpro/Documents/CS, {since=c:1503076198:8813:1:121, expression=[not, [anyof, [type, d], [dirname, .idea], [dirname, .buckd], [dirname, buck-out/cache], [dirname, buck-out/.trash], [dirname, buck-out], [match, **/*.pbxproj, wholename, {includedotfiles=true}], [match, **/*.xcscheme, wholename, {includedotfiles=true}], [match, **/*.xcworkspacedata, wholename, {includedotfiles=true}], [match, **/*~, wholename, {includedotfiles=true}], [match, **/#*#, wholename, {includedotfiles=true}], [match, **/.#*, wholename, {includedotfiles=true}], [match, **/*.swo, wholename, {includedotfiles=true}], [match, **/*.swp, wholename, {includedotfiles=true}], [match, **/*.swpx, wholename, {includedotfiles=true}], [match, **/*.un~, wholename, {includedotfiles=true}], [match, **/.netrhwist, wholename, {includedotfiles=true}], [match, .idea, wholename, {includedotfiles=true}], [match, .iml, wholename, {includedotfiles=true}], [match, **/*.pydevproject, wholename, {includedotfiles=true}], [match, .project, wholename, {includedotfiles=true}], [match, .metadata, wholename, {includedotfiles=true}], [match, **/*.tmp, wholename, {includedotfiles=true}], [match, **/*.bak, wholename, {includedotfiles=true}], [match, **/*~.nib, wholename, {includedotfiles=true}], [match, .classpath, wholename, {includedotfiles=true}], [match, .settings, wholename, {includedotfiles=true}], [match, .loadpath, wholename, {includedotfiles=true}], [match, .externalToolBuilders, wholename, {includedotfiles=true}], [match, .cproject, wholename, {includedotfiles=true}], [match, .buildpath, wholename, {includedotfiles=true}], [match, .DS_Store, wholename, {includedotfiles=true}], [match, .AppleDouble, wholename, {includedotfiles=true}], [match, .LSOverride, wholename, {includedotfiles=true}], [match, .Spotlight-V100, wholename, {includedotfiles=true}], [match, .Trashes, wholename, {includedotfiles=true}], [match, $RECYCLE.BIN, wholename, {includedotfiles=true}], [match, .*.sublime-workspace, wholename, {includedotfiles=true}]]], empty_on_fresh_instance=true, fields=[name, exists, new]}] returned in 13 ms
[2017-08-18 12:21:17.600][debug][command:818aee5b-6b4c-4458-a67d-a619e8ffbc41][tid:128][com.facebook.buck.util.WatchmanWatcher] Updating Watchman Cursor from c:1503076198:8813:1:121 to c:1503076198:8813:1:143
[2017-08-18 12:21:17.600][debug][command:818aee5b-6b4c-4458-a67d-a619e8ffbc41][tid:128][com.facebook.buck.util.WatchmanWatcher] Posted 0 Watchman events.
[2017-08-18 12:21:17.604][info ][command:818aee5b-6b4c-4458-a67d-a619e8ffbc41][tid:145][com.facebook.buck.event.listener.LoggingBuildListener] Build started at 2017-08-18 12:21:17.603
[2017-08-18 12:21:17.859][warn ][command:818aee5b-6b4c-4458-a67d-a619e8ffbc41][tid:128][com.facebook.buck.util.Console] Build failure: No build file at CS101/BUCK when resolving target //CS101:CS101.
[2017-08-18 12:21:17.860][info ][command:818aee5b-6b4c-4458-a67d-a619e8ffbc41][tid:128][com.facebook.buck.cli.Main] Awaiting termination of HTTP Write executor service. Waiting for all jobs to complete, or up to maximum of 1800 seconds...
[2017-08-18 12:21:17.860][info ][command:818aee5b-6b4c-4458-a67d-a619e8ffbc41][tid:128][com.facebook.buck.cli.Main] Awaiting termination of CounterAggregatorExecutor executor service. Waiting for all jobs to complete, or up to maximum of 20 seconds...
[2017-08-18 12:21:17.860][info ][command:818aee5b-6b4c-4458-a67d-a619e8ffbc41][tid:145][com.facebook.buck.event.listener.LoggingBuildListener] Build finished at 2017-08-18 12:21:17.860
[2017-08-18 12:21:17.861][debug][command:818aee5b-6b4c-4458-a67d-a619e8ffbc41][tid:140][com.facebook.buck.util.perf.ProcessTracker] shutDown
[2017-08-18 12:21:17.861][debug][command:818aee5b-6b4c-4458-a67d-a619e8ffbc41][tid:139][com.google.common.util.concurrent.ServiceManager] Service PerfStatsTracking [TERMINATED] has terminated. Previous state was: STOPPING
[2017-08-18 12:21:17.863][debug][command:818aee5b-6b4c-4458-a67d-a619e8ffbc41][tid:140][com.google.common.util.concurrent.ServiceManager] Service ProcessTracker [TERMINATED] has terminated. Previous state was: STOPPING
[2017-08-18 12:21:17.865][debug][command:818aee5b-6b4c-4458-a67d-a619e8ffbc41][tid:128][com.facebook.buck.event.listener.SuperConsoleEventBusListener] Stopping render scheduler
[2017-08-18 12:21:17.866][debug][command:818aee5b-6b4c-4458-a67d-a619e8ffbc41][tid:128][com.facebook.buck.event.listener.SuperConsoleEventBusListener] Stopping render scheduler
[2017-08-18 12:21:17.866][debug][command:818aee5b-6b4c-4458-a67d-a619e8ffbc41][tid:128][com.facebook.buck.event.listener.SuperConsoleEventBusListener] Stopping console output (stdout dirty false, stderr dirty true).
[2017-08-18 12:21:17.866][debug][command:null][tid:137][com.facebook.buck.event.listener.SuperConsoleEventBusListener] Stopping render scheduler
[2017-08-18 12:21:17.867][debug][command:null][tid:137][com.facebook.buck.event.listener.SuperConsoleEventBusListener] Stopping console output (stdout dirty false, stderr dirty true).
[2017-08-18 12:21:17.869][info ][command:null][tid:128][com.facebook.buck.cli.Main] Awaiting termination of NETWORK executor service. Waiting for all jobs to complete, or up to maximum of 60 seconds...
[2017-08-18 12:21:17.870][info ][command:null][tid:128][com.facebook.buck.cli.Main] Awaiting termination of CPU executor service. Waiting for all jobs to complete, or up to maximum of 60 seconds...
[2017-08-18 12:21:17.870][info ][command:null][tid:128][com.facebook.buck.cli.Main] Awaiting termination of PROJECT executor service. Waiting for all jobs to complete, or up to maximum of 60 seconds...
[2017-08-18 12:21:17.870][info ][command:null][tid:128][com.facebook.buck.cli.Main] Awaiting termination of Disk IO executor service. Waiting for all jobs to complete, or up to maximum of 10 seconds...
[2017-08-18 12:21:17.870][debug][command:null][tid:128][com.facebook.buck.event.listener.ChromeTraceBuildListener] Writing Chrome trace to buck-out/log/2017-08-18_17h21m12s_buildcommand_818aee5b-6b4c-4458-a67d-a619e8ffbc41/build.2017-08-18.12-21-12.818aee5b-6b4c-4458-a67d-a619e8ffbc41.trace
[2017-08-18 12:21:17.870][warn ][command:null][tid:132][com.martiansoftware.nailgun.NGInputStream] Nailgun client read future was interrupted
java.lang.InterruptedException
	at java.util.concurrent.FutureTask.awaitDone(FutureTask.java:404)
	at java.util.concurrent.FutureTask.get(FutureTask.java:204)
	at com.martiansoftware.nailgun.NGInputStream$1.run(NGInputStream.java:91)
	at java.util.concurrent.Executors$RunnableAdapter.call(Executors.java:511)
	at java.util.concurrent.FutureTask.run(FutureTask.java:266)
	at java.util.concurrent.ThreadPoolExecutor.runWorker(ThreadPoolExecutor.java:1149)
	at java.util.concurrent.ThreadPoolExecutor$Worker.run(ThreadPoolExecutor.java:624)
	at java.lang.Thread.run(Thread.java:748)

[2017-08-18 12:21:17.871][debug][command:null][tid:132][com.martiansoftware.nailgun.NGInputStream] Nailgun client read shutting down
[2017-08-18 12:21:17.876][debug][command:null][tid:128][com.facebook.buck.io.WatchmanTransportClient] Closing Watchman transport.
[2017-08-18 12:21:17.877][debug][command:null][tid:128][com.facebook.buck.cli.Main] Done.
[2017-08-18 12:21:17.877][info ][command:null][tid:128][com.martiansoftware.nailgun.NGSession] Server cleanly exited with status 1
com.martiansoftware.nailgun.NGExitException: ExitException: status 1
	at com.martiansoftware.nailgun.NGSecurityManager.checkExit(NGSecurityManager.java:56)
	at java.lang.Runtime.exit(Runtime.java:107)
	at java.lang.System.exit(System.java:971)
	at com.facebook.buck.cli.Main.runMainThenExit(Main.java:359)
	at com.facebook.buck.cli.Main.nailMain(Main.java:1674)
	at sun.reflect.NativeMethodAccessorImpl.invoke0(Native Method)
	at sun.reflect.NativeMethodAccessorImpl.invoke(NativeMethodAccessorImpl.java:62)
	at sun.reflect.DelegatingMethodAccessorImpl.invoke(DelegatingMethodAccessorImpl.java:43)
	at java.lang.reflect.Method.invoke(Method.java:498)
	at com.martiansoftware.nailgun.NGSession.run(NGSession.java:338)

[2017-08-18 12:21:17.878][debug][command:null][tid:128][com.martiansoftware.nailgun.NGSession] Tearing down client socket
[2017-08-18 12:21:17.878][debug][command:null][tid:128][com.martiansoftware.nailgun.NGSession] Flushing client socket
[2017-08-18 12:21:17.878][debug][command:null][tid:128][com.martiansoftware.nailgun.NGSession] Error shutting down socket I/O (this is expected if the client disconnected already)
java.io.IOException: com.sun.jna.LastErrorException: [57] Socket is not connected
	at com.martiansoftware.nailgun.NGUnixDomainSocket.doShutdown(NGUnixDomainSocket.java:74)
	at com.martiansoftware.nailgun.NGUnixDomainSocket.shutdownInput(NGUnixDomainSocket.java:60)
	at com.martiansoftware.nailgun.NGSession.run(NGSession.java:384)
Caused by: com.sun.jna.LastErrorException: [57] Socket is not connected
	at com.martiansoftware.nailgun.NGUnixDomainSocketLibrary.shutdown(Native Method)
	at com.martiansoftware.nailgun.NGUnixDomainSocket.doShutdown(NGUnixDomainSocket.java:71)
	... 2 more

[2017-08-18 12:21:17.878][debug][command:null][tid:128][com.martiansoftware.nailgun.NGSession] Closing client socket
[2017-08-18 12:21:17.879][debug][command:null][tid:128][com.martiansoftware.nailgun.NGSession] Finished tearing down client socket
[2017-08-18 12:21:17.879][debug][command:null][tid:128][com.martiansoftware.nailgun.NGSession] Waiting for next client to connect
[2017-08-18 12:21:17.879][info ][command:null][tid:128][com.martiansoftware.nailgun.NGSession] NGSession shutting down
[2017-08-18 12:21:47.837][debug][command:null][tid:131][com.martiansoftware.nailgun.NGSession] Client connected
[2017-08-18 12:21:47.837][debug][command:null][tid:146][com.martiansoftware.nailgun.NGSession] Waiting for first client to connect
[2017-08-18 12:21:47.839][debug][command:null][tid:131][com.martiansoftware.nailgun.NGSession] Tearing down client socket
[2017-08-18 12:21:47.840][debug][command:null][tid:131][com.martiansoftware.nailgun.NGSession] Flushing client socket
[2017-08-18 12:21:47.840][warn ][command:null][tid:147][com.martiansoftware.nailgun.NGInputStream] Nailgun client read future was interrupted
java.lang.InterruptedException
	at java.util.concurrent.FutureTask.awaitDone(FutureTask.java:404)
	at java.util.concurrent.FutureTask.get(FutureTask.java:204)
	at com.martiansoftware.nailgun.NGInputStream$1.run(NGInputStream.java:91)
	at java.util.concurrent.Executors$RunnableAdapter.call(Executors.java:511)
	at java.util.concurrent.FutureTask.run(FutureTask.java:266)
	at java.util.concurrent.ThreadPoolExecutor.runWorker(ThreadPoolExecutor.java:1149)
	at java.util.concurrent.ThreadPoolExecutor$Worker.run(ThreadPoolExecutor.java:624)
	at java.lang.Thread.run(Thread.java:748)

[2017-08-18 12:21:47.840][debug][command:null][tid:147][com.martiansoftware.nailgun.NGInputStream] Nailgun client read shutting down
[2017-08-18 12:21:47.840][debug][command:null][tid:131][com.martiansoftware.nailgun.NGSession] Error shutting down socket I/O (this is expected if the client disconnected already)
java.io.IOException: com.sun.jna.LastErrorException: [57] Socket is not connected
	at com.martiansoftware.nailgun.NGUnixDomainSocket.doShutdown(NGUnixDomainSocket.java:74)
	at com.martiansoftware.nailgun.NGUnixDomainSocket.shutdownInput(NGUnixDomainSocket.java:60)
	at com.martiansoftware.nailgun.NGSession.run(NGSession.java:384)
Caused by: com.sun.jna.LastErrorException: [57] Socket is not connected
	at com.martiansoftware.nailgun.NGUnixDomainSocketLibrary.shutdown(Native Method)
	at com.martiansoftware.nailgun.NGUnixDomainSocket.doShutdown(NGUnixDomainSocket.java:71)
	... 2 more

[2017-08-18 12:21:47.840][debug][command:null][tid:131][com.martiansoftware.nailgun.NGSession] Closing client socket
[2017-08-18 12:21:47.840][debug][command:null][tid:146][com.martiansoftware.nailgun.NGSession] Client connected
[2017-08-18 12:21:47.840][debug][command:null][tid:131][com.martiansoftware.nailgun.NGSession] Finished tearing down client socket
[2017-08-18 12:21:47.840][debug][command:null][tid:131][com.martiansoftware.nailgun.NGSession] Waiting for next client to connect
[2017-08-18 12:21:47.841][info ][command:null][tid:131][com.martiansoftware.nailgun.NGSession] NGSession shutting down
[2017-08-18 12:21:47.841][debug][command:null][tid:149][com.martiansoftware.nailgun.NGSession] Waiting for first client to connect
[2017-08-18 12:21:47.842][debug][command:null][tid:146][com.martiansoftware.nailgun.NGSession] Tearing down client socket
[2017-08-18 12:21:47.842][debug][command:null][tid:146][com.martiansoftware.nailgun.NGSession] Flushing client socket
[2017-08-18 12:21:47.842][warn ][command:null][tid:150][com.martiansoftware.nailgun.NGInputStream] Nailgun client read future was interrupted
java.lang.InterruptedException
	at java.util.concurrent.FutureTask.awaitDone(FutureTask.java:404)
	at java.util.concurrent.FutureTask.get(FutureTask.java:204)
	at com.martiansoftware.nailgun.NGInputStream$1.run(NGInputStream.java:91)
	at java.util.concurrent.Executors$RunnableAdapter.call(Executors.java:511)
	at java.util.concurrent.FutureTask.run(FutureTask.java:266)
	at java.util.concurrent.ThreadPoolExecutor.runWorker(ThreadPoolExecutor.java:1149)
	at java.util.concurrent.ThreadPoolExecutor$Worker.run(ThreadPoolExecutor.java:624)
	at java.lang.Thread.run(Thread.java:748)

[2017-08-18 12:21:47.842][debug][command:null][tid:146][com.martiansoftware.nailgun.NGSession] Error shutting down socket I/O (this is expected if the client disconnected already)
java.io.IOException: com.sun.jna.LastErrorException: [57] Socket is not connected
	at com.martiansoftware.nailgun.NGUnixDomainSocket.doShutdown(NGUnixDomainSocket.java:74)
	at com.martiansoftware.nailgun.NGUnixDomainSocket.shutdownInput(NGUnixDomainSocket.java:60)
	at com.martiansoftware.nailgun.NGSession.run(NGSession.java:384)
Caused by: com.sun.jna.LastErrorException: [57] Socket is not connected
	at com.martiansoftware.nailgun.NGUnixDomainSocketLibrary.shutdown(Native Method)
	at com.martiansoftware.nailgun.NGUnixDomainSocket.doShutdown(NGUnixDomainSocket.java:71)
	... 2 more

[2017-08-18 12:21:47.842][debug][command:null][tid:149][com.martiansoftware.nailgun.NGSession] Client connected
[2017-08-18 12:21:47.843][debug][command:null][tid:152][com.martiansoftware.nailgun.NGSession] Waiting for first client to connect
[2017-08-18 12:21:47.843][debug][command:null][tid:150][com.martiansoftware.nailgun.NGInputStream] Nailgun client read shutting down
[2017-08-18 12:21:47.843][debug][command:null][tid:146][com.martiansoftware.nailgun.NGSession] Closing client socket
[2017-08-18 12:21:47.843][debug][command:null][tid:146][com.martiansoftware.nailgun.NGSession] Finished tearing down client socket
[2017-08-18 12:21:47.843][debug][command:null][tid:146][com.martiansoftware.nailgun.NGSession] Waiting for next client to connect
[2017-08-18 12:21:47.843][info ][command:null][tid:146][com.martiansoftware.nailgun.NGSession] NGSession shutting down
[2017-08-18 12:21:47.849][debug][command:null][tid:149][com.facebook.buck.cli.Main] Done.
[2017-08-18 12:21:47.849][info ][command:null][tid:149][com.martiansoftware.nailgun.NGSession] Server cleanly exited with status 1
com.martiansoftware.nailgun.NGExitException: ExitException: status 1
	at com.martiansoftware.nailgun.NGSecurityManager.checkExit(NGSecurityManager.java:56)
	at java.lang.Runtime.exit(Runtime.java:107)
	at java.lang.System.exit(System.java:971)
	at com.facebook.buck.cli.Main.runMainThenExit(Main.java:359)
	at com.facebook.buck.cli.Main.nailMain(Main.java:1674)
	at sun.reflect.NativeMethodAccessorImpl.invoke0(Native Method)
	at sun.reflect.NativeMethodAccessorImpl.invoke(NativeMethodAccessorImpl.java:62)
	at sun.reflect.DelegatingMethodAccessorImpl.invoke(DelegatingMethodAccessorImpl.java:43)
	at java.lang.reflect.Method.invoke(Method.java:498)
	at com.martiansoftware.nailgun.NGSession.run(NGSession.java:338)

[2017-08-18 12:21:47.849][warn ][command:null][tid:153][com.martiansoftware.nailgun.NGInputStream] Nailgun client read future raised an exception
java.util.concurrent.ExecutionException: java.lang.RuntimeException: java.io.EOFException
	at java.util.concurrent.FutureTask.report(FutureTask.java:122)
	at java.util.concurrent.FutureTask.get(FutureTask.java:206)
	at com.martiansoftware.nailgun.NGInputStream$1.run(NGInputStream.java:91)
	at java.util.concurrent.Executors$RunnableAdapter.call(Executors.java:511)
	at java.util.concurrent.FutureTask.run(FutureTask.java:266)
	at java.util.concurrent.ThreadPoolExecutor.runWorker(ThreadPoolExecutor.java:1149)
	at java.util.concurrent.ThreadPoolExecutor$Worker.run(ThreadPoolExecutor.java:624)
	at java.lang.Thread.run(Thread.java:748)
Caused by: java.lang.RuntimeException: java.io.EOFException
	at com.martiansoftware.nailgun.NGInputStream$1$1.run(NGInputStream.java:85)
	... 5 more
Caused by: java.io.EOFException
	at java.io.DataInputStream.readInt(DataInputStream.java:392)
	at com.martiansoftware.nailgun.NGInputStream.readChunk(NGInputStream.java:198)
	at com.martiansoftware.nailgun.NGInputStream.access$000(NGInputStream.java:35)
	at com.martiansoftware.nailgun.NGInputStream$1$1.run(NGInputStream.java:83)
	... 5 more

[2017-08-18 12:21:47.850][debug][command:null][tid:149][com.martiansoftware.nailgun.NGSession] Tearing down client socket
[2017-08-18 12:21:47.850][debug][command:null][tid:153][com.martiansoftware.nailgun.NGInputStream] Nailgun client read shutting down
[2017-08-18 12:21:47.850][debug][command:null][tid:149][com.martiansoftware.nailgun.NGSession] Flushing client socket
[2017-08-18 12:21:47.850][debug][command:null][tid:149][com.martiansoftware.nailgun.NGSession] Error shutting down socket I/O (this is expected if the client disconnected already)
java.io.IOException: com.sun.jna.LastErrorException: [57] Socket is not connected
	at com.martiansoftware.nailgun.NGUnixDomainSocket.doShutdown(NGUnixDomainSocket.java:74)
	at com.martiansoftware.nailgun.NGUnixDomainSocket.shutdownInput(NGUnixDomainSocket.java:60)
	at com.martiansoftware.nailgun.NGSession.run(NGSession.java:384)
Caused by: com.sun.jna.LastErrorException: [57] Socket is not connected
	at com.martiansoftware.nailgun.NGUnixDomainSocketLibrary.shutdown(Native Method)
	at com.martiansoftware.nailgun.NGUnixDomainSocket.doShutdown(NGUnixDomainSocket.java:71)
	... 2 more

[2017-08-18 12:21:47.850][debug][command:null][tid:149][com.martiansoftware.nailgun.NGSession] Closing client socket
[2017-08-18 12:21:47.850][debug][command:null][tid:149][com.martiansoftware.nailgun.NGSession] Finished tearing down client socket
[2017-08-18 12:21:47.851][debug][command:null][tid:149][com.martiansoftware.nailgun.NGSession] Waiting for next client to connect
[2017-08-18 12:21:47.851][info ][command:null][tid:149][com.martiansoftware.nailgun.NGSession] NGSession shutting down
[2017-08-18 12:21:53.470][debug][command:null][tid:152][com.martiansoftware.nailgun.NGSession] Client connected
[2017-08-18 12:21:53.471][debug][command:null][tid:155][com.martiansoftware.nailgun.NGSession] Waiting for first client to connect
[2017-08-18 12:21:53.472][debug][command:null][tid:152][com.martiansoftware.nailgun.NGSession] Tearing down client socket
[2017-08-18 12:21:53.472][debug][command:null][tid:152][com.martiansoftware.nailgun.NGSession] Flushing client socket
[2017-08-18 12:21:53.472][warn ][command:null][tid:156][com.martiansoftware.nailgun.NGInputStream] Nailgun client read future was interrupted
java.lang.InterruptedException
	at java.util.concurrent.FutureTask.awaitDone(FutureTask.java:404)
	at java.util.concurrent.FutureTask.get(FutureTask.java:204)
	at com.martiansoftware.nailgun.NGInputStream$1.run(NGInputStream.java:91)
	at java.util.concurrent.Executors$RunnableAdapter.call(Executors.java:511)
	at java.util.concurrent.FutureTask.run(FutureTask.java:266)
	at java.util.concurrent.ThreadPoolExecutor.runWorker(ThreadPoolExecutor.java:1149)
	at java.util.concurrent.ThreadPoolExecutor$Worker.run(ThreadPoolExecutor.java:624)
	at java.lang.Thread.run(Thread.java:748)

[2017-08-18 12:21:53.473][debug][command:null][tid:152][com.martiansoftware.nailgun.NGSession] Error shutting down socket I/O (this is expected if the client disconnected already)
java.io.IOException: com.sun.jna.LastErrorException: [57] Socket is not connected
	at com.martiansoftware.nailgun.NGUnixDomainSocket.doShutdown(NGUnixDomainSocket.java:74)
	at com.martiansoftware.nailgun.NGUnixDomainSocket.shutdownInput(NGUnixDomainSocket.java:60)
	at com.martiansoftware.nailgun.NGSession.run(NGSession.java:384)
Caused by: com.sun.jna.LastErrorException: [57] Socket is not connected
	at com.martiansoftware.nailgun.NGUnixDomainSocketLibrary.shutdown(Native Method)
	at com.martiansoftware.nailgun.NGUnixDomainSocket.doShutdown(NGUnixDomainSocket.java:71)
	... 2 more

[2017-08-18 12:21:53.473][debug][command:null][tid:155][com.martiansoftware.nailgun.NGSession] Client connected
[2017-08-18 12:21:53.473][debug][command:null][tid:156][com.martiansoftware.nailgun.NGInputStream] Nailgun client read shutting down
[2017-08-18 12:21:53.473][debug][command:null][tid:152][com.martiansoftware.nailgun.NGSession] Closing client socket
[2017-08-18 12:21:53.473][debug][command:null][tid:158][com.martiansoftware.nailgun.NGSession] Waiting for first client to connect
[2017-08-18 12:21:53.473][debug][command:null][tid:152][com.martiansoftware.nailgun.NGSession] Finished tearing down client socket
[2017-08-18 12:21:53.474][debug][command:null][tid:152][com.martiansoftware.nailgun.NGSession] Waiting for next client to connect
[2017-08-18 12:21:53.474][info ][command:null][tid:152][com.martiansoftware.nailgun.NGSession] NGSession shutting down
[2017-08-18 12:21:53.483][debug][command:null][tid:155][com.facebook.buck.cli.Main] Done.
[2017-08-18 12:21:53.483][info ][command:null][tid:155][com.martiansoftware.nailgun.NGSession] Server cleanly exited with status 1
com.martiansoftware.nailgun.NGExitException: ExitException: status 1
	at com.martiansoftware.nailgun.NGSecurityManager.checkExit(NGSecurityManager.java:56)
	at java.lang.Runtime.exit(Runtime.java:107)
	at java.lang.System.exit(System.java:971)
	at com.facebook.buck.cli.Main.runMainThenExit(Main.java:359)
	at com.facebook.buck.cli.Main.nailMain(Main.java:1674)
	at sun.reflect.NativeMethodAccessorImpl.invoke0(Native Method)
	at sun.reflect.NativeMethodAccessorImpl.invoke(NativeMethodAccessorImpl.java:62)
	at sun.reflect.DelegatingMethodAccessorImpl.invoke(DelegatingMethodAccessorImpl.java:43)
	at java.lang.reflect.Method.invoke(Method.java:498)
	at com.martiansoftware.nailgun.NGSession.run(NGSession.java:338)

[2017-08-18 12:21:53.483][debug][command:null][tid:155][com.martiansoftware.nailgun.NGSession] Tearing down client socket
[2017-08-18 12:21:53.483][debug][command:null][tid:155][com.martiansoftware.nailgun.NGSession] Flushing client socket
[2017-08-18 12:21:53.483][warn ][command:null][tid:159][com.martiansoftware.nailgun.NGInputStream] Nailgun client read future was interrupted
java.lang.InterruptedException
	at java.util.concurrent.FutureTask.awaitDone(FutureTask.java:404)
	at java.util.concurrent.FutureTask.get(FutureTask.java:204)
	at com.martiansoftware.nailgun.NGInputStream$1.run(NGInputStream.java:91)
	at java.util.concurrent.Executors$RunnableAdapter.call(Executors.java:511)
	at java.util.concurrent.FutureTask.run(FutureTask.java:266)
	at java.util.concurrent.ThreadPoolExecutor.runWorker(ThreadPoolExecutor.java:1149)
	at java.util.concurrent.ThreadPoolExecutor$Worker.run(ThreadPoolExecutor.java:624)
	at java.lang.Thread.run(Thread.java:748)

[2017-08-18 12:21:53.484][debug][command:null][tid:155][com.martiansoftware.nailgun.NGSession] Closing client socket
[2017-08-18 12:21:53.484][debug][command:null][tid:159][com.martiansoftware.nailgun.NGInputStream] Nailgun client read shutting down
[2017-08-18 12:21:53.484][debug][command:null][tid:155][com.martiansoftware.nailgun.NGSession] Finished tearing down client socket
[2017-08-18 12:21:53.484][debug][command:null][tid:155][com.martiansoftware.nailgun.NGSession] Waiting for next client to connect
[2017-08-18 12:21:53.484][info ][command:null][tid:155][com.martiansoftware.nailgun.NGSession] NGSession shutting down
[2017-08-18 12:22:30.293][debug][command:null][tid:158][com.martiansoftware.nailgun.NGSession] Client connected
[2017-08-18 12:22:30.294][debug][command:null][tid:161][com.martiansoftware.nailgun.NGSession] Waiting for first client to connect
[2017-08-18 12:22:30.295][debug][command:null][tid:158][com.martiansoftware.nailgun.NGSession] Tearing down client socket
[2017-08-18 12:22:30.295][debug][command:null][tid:158][com.martiansoftware.nailgun.NGSession] Flushing client socket
[2017-08-18 12:22:30.295][warn ][command:null][tid:162][com.martiansoftware.nailgun.NGInputStream] Nailgun client read future was interrupted
java.lang.InterruptedException
	at java.util.concurrent.FutureTask.awaitDone(FutureTask.java:404)
	at java.util.concurrent.FutureTask.get(FutureTask.java:204)
	at com.martiansoftware.nailgun.NGInputStream$1.run(NGInputStream.java:91)
	at java.util.concurrent.Executors$RunnableAdapter.call(Executors.java:511)
	at java.util.concurrent.FutureTask.run(FutureTask.java:266)
	at java.util.concurrent.ThreadPoolExecutor.runWorker(ThreadPoolExecutor.java:1149)
	at java.util.concurrent.ThreadPoolExecutor$Worker.run(ThreadPoolExecutor.java:624)
	at java.lang.Thread.run(Thread.java:748)

[2017-08-18 12:22:30.295][debug][command:null][tid:158][com.martiansoftware.nailgun.NGSession] Error shutting down socket I/O (this is expected if the client disconnected already)
java.io.IOException: com.sun.jna.LastErrorException: [57] Socket is not connected
	at com.martiansoftware.nailgun.NGUnixDomainSocket.doShutdown(NGUnixDomainSocket.java:74)
	at com.martiansoftware.nailgun.NGUnixDomainSocket.shutdownInput(NGUnixDomainSocket.java:60)
	at com.martiansoftware.nailgun.NGSession.run(NGSession.java:384)
Caused by: com.sun.jna.LastErrorException: [57] Socket is not connected
	at com.martiansoftware.nailgun.NGUnixDomainSocketLibrary.shutdown(Native Method)
	at com.martiansoftware.nailgun.NGUnixDomainSocket.doShutdown(NGUnixDomainSocket.java:71)
	... 2 more

[2017-08-18 12:22:30.295][debug][command:null][tid:162][com.martiansoftware.nailgun.NGInputStream] Nailgun client read shutting down
[2017-08-18 12:22:30.296][debug][command:null][tid:158][com.martiansoftware.nailgun.NGSession] Closing client socket
[2017-08-18 12:22:30.296][debug][command:null][tid:161][com.martiansoftware.nailgun.NGSession] Client connected
[2017-08-18 12:22:30.296][debug][command:null][tid:158][com.martiansoftware.nailgun.NGSession] Finished tearing down client socket
[2017-08-18 12:22:30.296][debug][command:null][tid:158][com.martiansoftware.nailgun.NGSession] Waiting for next client to connect
[2017-08-18 12:22:30.296][info ][command:null][tid:158][com.martiansoftware.nailgun.NGSession] NGSession shutting down
[2017-08-18 12:22:30.296][debug][command:null][tid:164][com.martiansoftware.nailgun.NGSession] Waiting for first client to connect
[2017-08-18 12:22:30.297][debug][command:null][tid:161][com.martiansoftware.nailgun.NGSession] Tearing down client socket
[2017-08-18 12:22:30.298][debug][command:null][tid:161][com.martiansoftware.nailgun.NGSession] Flushing client socket
[2017-08-18 12:22:30.298][warn ][command:null][tid:165][com.martiansoftware.nailgun.NGInputStream] Nailgun client read future was interrupted
java.lang.InterruptedException
	at java.util.concurrent.FutureTask.awaitDone(FutureTask.java:404)
	at java.util.concurrent.FutureTask.get(FutureTask.java:204)
	at com.martiansoftware.nailgun.NGInputStream$1.run(NGInputStream.java:91)
	at java.util.concurrent.Executors$RunnableAdapter.call(Executors.java:511)
	at java.util.concurrent.FutureTask.run(FutureTask.java:266)
	at java.util.concurrent.ThreadPoolExecutor.runWorker(ThreadPoolExecutor.java:1149)
	at java.util.concurrent.ThreadPoolExecutor$Worker.run(ThreadPoolExecutor.java:624)
	at java.lang.Thread.run(Thread.java:748)

[2017-08-18 12:22:30.298][debug][command:null][tid:161][com.martiansoftware.nailgun.NGSession] Error shutting down socket I/O (this is expected if the client disconnected already)
java.io.IOException: com.sun.jna.LastErrorException: [57] Socket is not connected
	at com.martiansoftware.nailgun.NGUnixDomainSocket.doShutdown(NGUnixDomainSocket.java:74)
	at com.martiansoftware.nailgun.NGUnixDomainSocket.shutdownInput(NGUnixDomainSocket.java:60)
	at com.martiansoftware.nailgun.NGSession.run(NGSession.java:384)
Caused by: com.sun.jna.LastErrorException: [57] Socket is not connected
	at com.martiansoftware.nailgun.NGUnixDomainSocketLibrary.shutdown(Native Method)
	at com.martiansoftware.nailgun.NGUnixDomainSocket.doShutdown(NGUnixDomainSocket.java:71)
	... 2 more

[2017-08-18 12:22:30.298][debug][command:null][tid:164][com.martiansoftware.nailgun.NGSession] Client connected
[2017-08-18 12:22:30.298][debug][command:null][tid:167][com.martiansoftware.nailgun.NGSession] Waiting for first client to connect
[2017-08-18 12:22:30.298][debug][command:null][tid:161][com.martiansoftware.nailgun.NGSession] Closing client socket
[2017-08-18 12:22:30.298][debug][command:null][tid:165][com.martiansoftware.nailgun.NGInputStream] Nailgun client read shutting down
[2017-08-18 12:22:30.299][debug][command:null][tid:161][com.martiansoftware.nailgun.NGSession] Finished tearing down client socket
[2017-08-18 12:22:30.299][debug][command:null][tid:161][com.martiansoftware.nailgun.NGSession] Waiting for next client to connect
[2017-08-18 12:22:30.299][info ][command:null][tid:161][com.martiansoftware.nailgun.NGSession] NGSession shutting down
[2017-08-18 12:22:30.304][debug][command:null][tid:164][com.facebook.buck.cli.Main] Rotating log.
