[2017-08-25 12:14:07.916][debug][command:null][tid:727][com.facebook.buck.cli.Main] Starting up (build date 2017-05-31 05:34:58 -0500, rev v2017.05.31.01), args: [query, //CS, --json, --output-attributes, buck.type, --config, client.id=nuclide]
[2017-08-25 12:14:07.922][debug][command:null][tid:727][com.facebook.buck.cli.Main] System properties: {java.vendor=Oracle Corporation, sun.java.launcher=SUN_STANDARD, sun.management.compiler=HotSpot 64-Bit Tiered Compilers, jnidispatch.path=/Users/macbookpro/Documents/CS/.buckd/tmp/buck_run.sPiixe/jna-1629665013/jna2198868941653089751.tmp, os.name=Mac OS X, buck.enable_objc=true, sun.boot.class.path=/Library/Java/JavaVirtualMachines/jdk1.8.0_144.jdk/Contents/Home/jre/lib/resources.jar:/Library/Java/JavaVirtualMachines/jdk1.8.0_144.jdk/Contents/Home/jre/lib/rt.jar:/Library/Java/JavaVirtualMachines/jdk1.8.0_144.jdk/Contents/Home/jre/lib/sunrsasign.jar:/Library/Java/JavaVirtualMachines/jdk1.8.0_144.jdk/Contents/Home/jre/lib/jsse.jar:/Library/Java/JavaVirtualMachines/jdk1.8.0_144.jdk/Contents/Home/jre/lib/jce.jar:/Library/Java/JavaVirtualMachines/jdk1.8.0_144.jdk/Contents/Home/jre/lib/charsets.jar:/Library/Java/JavaVirtualMachines/jdk1.8.0_144.jdk/Contents/Home/jre/lib/jfr.jar:/Library/Java/JavaVirtualMachines/jdk1.8.0_144.jdk/Contents/Home/jre/classes, buck.resource_lock_path=/Users/macbookpro/Documents/CS/.buckd/resources/v2017.05.31.01/.buck_lock, java.vm.specification.vendor=Oracle Corporation, java.runtime.version=1.8.0_144-b01, jna.loaded=true, buck.testrunner_classes=/Users/macbookpro/Documents/CS/.buckd/resources/v2017.05.31.01/testrunner_classes, buck.logging_config_file=/Users/macbookpro/Documents/CS/.buckd/resources/v2017.05.31.01/logging_config_file, buck.path_to_sh_binary_template=/Users/macbookpro/Documents/CS/.buckd/resources/v2017.05.31.01/path_to_sh_binary_template, user.name=macbookpro, buck.path_to_pywatchman=/Users/macbookpro/Documents/CS/.buckd/resources/v2017.05.31.01/path_to_pywatchman, buck.report_generator_jar=/Users/macbookpro/Documents/CS/.buckd/resources/v2017.05.31.01/report_generator_jar, buck.git_commit=v2017.05.31.01, user.language=en, sun.boot.library.path=/Library/Java/JavaVirtualMachines/jdk1.8.0_144.jdk/Contents/Home/jre/lib, java.version=1.8.0_144, user.timezone=America/Mexico_City, buck.test_util_no_tests_dir=true, sun.arch.data.model=64, http.nonProxyHosts=local|*.local|169.254/16|*.169.254/16, java.endorsed.dirs=/Library/Java/JavaVirtualMachines/jdk1.8.0_144.jdk/Contents/Home/jre/lib/endorsed, sun.cpu.isalist=, sun.jnu.encoding=UTF-8, file.encoding.pkg=sun.io, file.separator=/, java.specification.name=Java Platform API Specification, buck.jacoco_agent_jar=/Users/macbookpro/Documents/CS/.buckd/resources/v2017.05.31.01/jacoco_agent_jar, java.class.version=52.0, user.country=US, java.home=/Library/Java/JavaVirtualMachines/jdk1.8.0_144.jdk/Contents/Home/jre, java.vm.info=mixed mode, os.version=10.12.5, buck.version_uid=v2017.05.31.01, org.eclipse.jetty.util.log.class=org.eclipse.jetty.util.log.JavaUtilLog, path.separator=:, java.vm.version=25.144-b01, java.awt.printerjob=sun.lwawt.macosx.CPrinterJob, sun.io.unicode.encoding=UnicodeBig, awt.toolkit=sun.lwawt.macosx.LWCToolkit, socksNonProxyHosts=local|*.local|169.254/16|*.169.254/16, buck.buck_build_type_info=/Users/macbookpro/Documents/CS/.buckd/resources/v2017.05.31.01/buck_build_type_info, ftp.nonProxyHosts=local|*.local|169.254/16|*.169.254/16, buck.dx=/Users/macbookpro/Documents/CS/.buckd/resources/v2017.05.31.01/dx, buck.git_commit_timestamp=1496226898, user.home=/Users/macbookpro, buck.path_to_asm_jar=/Users/macbookpro/Documents/CS/.buckd/resources/v2017.05.31.01/path_to_asm_jar, java.specification.vendor=Oracle Corporation, buck.git_dirty=0, java.library.path=/Users/macbookpro/Documents/CS/.buckd/resources/v2017.05.31.01, java.vendor.url=http://java.oracle.com/, java.vm.vendor=Oracle Corporation, gopherProxySet=false, java.runtime.name=Java(TM) SE Runtime Environment, sun.java.command=com.facebook.buck.cli.bootstrapper.ClassLoaderBootstrapper com.facebook.buck.cli.Main$DaemonBootstrap local:.buckd/sock 60000, java.class.path=/Users/macbookpro/Documents/CS/.buckd/resources/v2017.05.31.01/bootstrapper_jar, buck.buckd_dir=/Users/macbookpro/Documents/CS/.buckd, buck.path_to_pathlib_py=/Users/macbookpro/Documents/CS/.buckd/resources/v2017.05.31.01/pathlib.py, buck.buckd_launch_time_nanos=35893819861504, java.vm.specification.name=Java Virtual Machine Specification, com.martiansoftware.nailgun.NGServer.outputPath=/Users/macbookpro/Documents/CS/.buckd/tmp/buck_run.sPiixe/ngserver-out, java.vm.specification.version=1.8, sun.cpu.endian=little, buck.path_to_rawmanifest_py=/Users/macbookpro/Documents/CS/.buckd/resources/v2017.05.31.01/rawmanifest.py, sun.os.patch.level=unknown, java.awt.headless=true, java.io.tmpdir=/Users/macbookpro/Documents/CS/.buckd/tmp/buck_run.sPiixe, buck.android_agent_path=/Users/macbookpro/Documents/CS/.buckd/resources/v2017.05.31.01/android_agent_path, java.vendor.url.bug=http://bugreport.sun.com/bugreport/, jna.platform.library.path=/usr/lib:/usr/lib, os.arch=x86_64, java.awt.graphicsenv=sun.awt.CGraphicsEnvironment, buck.path_to_pex=/Users/macbookpro/Documents/CS/.buckd/resources/v2017.05.31.01/path_to_pex, java.ext.dirs=/Users/macbookpro/Library/Java/Extensions:/Library/Java/JavaVirtualMachines/jdk1.8.0_144.jdk/Contents/Home/jre/lib/ext:/Library/Java/Extensions:/Network/Library/Java/Extensions:/System/Library/Java/Extensions:/usr/lib/java, java.util.logging.config.class=com.facebook.buck.cli.bootstrapper.LogConfig, user.dir=/Users/macbookpro/Documents/CS, line.separator=
, java.vm.name=Java HotSpot(TM) 64-Bit Server VM, buck.path_to_typing=/Users/macbookpro/Documents/CS/.buckd/resources/v2017.05.31.01/path_to_typing, buck.native_exopackage_fake_path=/Users/macbookpro/Documents/CS/.buckd/resources/v2017.05.31.01/native_exopackage_fake_path, file.encoding=UTF-8, java.specification.version=1.8}
[2017-08-25 12:14:07.923][debug][command:null][tid:727][com.facebook.buck.config.Configs] Loading configuration for /Users/macbookpro/Documents/CS
[2017-08-25 12:14:07.924][debug][command:null][tid:727][com.facebook.buck.config.Configs] Loaded a configuration file /Users/macbookpro/Documents/CS/.buckconfig: {}
[2017-08-25 12:14:07.924][debug][command:null][tid:727][com.facebook.buck.config.Configs] Adding configuration overrides RawConfig{values={client={id=nuclide}}}
[2017-08-25 12:14:07.926][info ][command:null][tid:727][com.facebook.buck.io.Watchman] Creating for: [/Users/macbookpro/Documents/CS]
[2017-08-25 12:14:07.927][debug][command:null][tid:727][com.facebook.buck.io.ExecutableFinder] Executable 'watchman' mapped to 'Optional[/usr/local/bin/watchman]'
[2017-08-25 12:14:07.927][debug][command:null][tid:727][com.facebook.buck.util.ListeningProcessExecutor] Launching process with params ProcessExecutorParams{command=[/usr/local/bin/watchman, --output-encoding=bser, get-sockname]}
[2017-08-25 12:14:07.929][debug][command:null][tid:727][com.facebook.buck.util.ListeningProcessExecutor] Successfully launched process com.zaxxer.nuprocess.osx.OsxProcess@5b419ef1
[2017-08-25 12:14:07.929][debug][command:null][tid:727][com.facebook.buck.util.ListeningProcessExecutor] Waiting for process com.facebook.buck.util.ListeningProcessExecutor$LaunchedProcessImpl@3c8796ac timeout 1000000000 NANOSECONDS
[2017-08-25 12:14:07.943][debug][command:null][tid:727][com.facebook.buck.util.ListeningProcessExecutor] Wait for process returned 0
[2017-08-25 12:14:07.943][debug][command:null][tid:727][com.facebook.buck.io.Watchman] Waited 13 ms for Watchman command get-sockname, exit code 0
[2017-08-25 12:14:07.943][debug][command:null][tid:727][com.facebook.buck.io.Watchman] stdout of command: {version=4.7.0, sockname=/usr/local/var/run/watchman/macbookpro-state/sock}
[2017-08-25 12:14:07.943][info ][command:null][tid:727][com.facebook.buck.io.Watchman] Connecting to Watchman version 4.7.0 at /usr/local/var/run/watchman/macbookpro-state/sock
[2017-08-25 12:14:07.943][debug][command:null][tid:727][com.facebook.buck.io.Watchman] Connected to Watchman
[2017-08-25 12:14:07.944][debug][command:null][tid:734][com.facebook.buck.io.WatchmanTransportClient] Sending query: [version, {required=[cmd-watch-project], optional=[term-dirname, cmd-watch-project, wildmatch, wildmatch_multislash, glob_generator, clock-sync-timeout]}]
[2017-08-25 12:14:07.945][debug][command:null][tid:727][com.facebook.buck.io.WatchmanTransportClient] Query [version, {required=[cmd-watch-project], optional=[term-dirname, cmd-watch-project, wildmatch, wildmatch_multislash, glob_generator, clock-sync-timeout]}] returned in 0 ms
[2017-08-25 12:14:07.945][info ][command:null][tid:727][com.facebook.buck.io.Watchman] Took 1 ms to query capabilities {term-dirname=DIRNAME, cmd-watch-project=SUPPORTS_PROJECT_WATCH, wildmatch=WILDMATCH_GLOB, wildmatch_multislash=WILDMATCH_MULTISLASH, glob_generator=GLOB_GENERATOR, clock-sync-timeout=CLOCK_SYNC_TIMEOUT}
[2017-08-25 12:14:07.945][debug][command:null][tid:727][com.facebook.buck.io.Watchman] Got capabilities response: {term-dirname=true, cmd-watch-project=true, wildmatch=true, wildmatch_multislash=false, glob_generator=true, clock-sync-timeout=true}
[2017-08-25 12:14:07.945][debug][command:null][tid:727][com.facebook.buck.io.Watchman] Got Watchman capabilities: [DIRNAME, SUPPORTS_PROJECT_WATCH, WILDMATCH_GLOB, GLOB_GENERATOR, CLOCK_SYNC_TIMEOUT]
[2017-08-25 12:14:07.948][info ][command:null][tid:727][com.facebook.buck.io.Watchman] Adding watchman root: /Users/macbookpro/Documents/CS
[2017-08-25 12:14:07.948][debug][command:null][tid:734][com.facebook.buck.io.WatchmanTransportClient] Sending query: [watch-project, /Users/macbookpro/Documents/CS]
[2017-08-25 12:14:07.949][debug][command:null][tid:727][com.facebook.buck.io.WatchmanTransportClient] Query [watch-project, /Users/macbookpro/Documents/CS] returned in 0 ms
[2017-08-25 12:14:07.949][debug][command:null][tid:734][com.facebook.buck.io.WatchmanTransportClient] Sending query: [watch-project, /Users/macbookpro/Documents/CS]
[2017-08-25 12:14:07.949][debug][command:null][tid:727][com.facebook.buck.io.WatchmanTransportClient] Query [watch-project, /Users/macbookpro/Documents/CS] returned in 0 ms
[2017-08-25 12:14:07.949][info ][command:null][tid:727][com.facebook.buck.io.Watchman] Took 0 ms to add root /Users/macbookpro/Documents/CS
[2017-08-25 12:14:07.949][debug][command:null][tid:734][com.facebook.buck.io.WatchmanTransportClient] Sending query: [clock, /Users/macbookpro/Documents/CS, {sync_timeout=100}]
[2017-08-25 12:14:07.953][debug][command:null][tid:727][com.facebook.buck.io.WatchmanTransportClient] Query [clock, /Users/macbookpro/Documents/CS, {sync_timeout=100}] returned in 3 ms
[2017-08-25 12:14:07.953][info ][command:null][tid:727][com.facebook.buck.io.Watchman] Took 3 ms to query for initial clock id Optional[c:1503576860:16574:4:409]
[2017-08-25 12:14:07.953][debug][command:null][tid:727][com.facebook.buck.cli.Main] Watchman capabilities: [DIRNAME, SUPPORTS_PROJECT_WATCH, WILDMATCH_GLOB, GLOB_GENERATOR, CLOCK_SYNC_TIMEOUT] Project watches: {/Users/macbookpro/Documents/CS=ProjectWatch{watchRoot=/Users/macbookpro/Documents/CS}} Glob handler config: PYTHON Query timeout ms config: Optional.empty
[2017-08-25 12:14:07.964][debug][command:a1b1e6ab-7d6f-43c7-a2b5-0ab6d040dade][tid:727][com.google.common.util.concurrent.ServiceManager] Starting PerfStatsTracking [RUNNING].
[2017-08-25 12:14:07.965][debug][command:a1b1e6ab-7d6f-43c7-a2b5-0ab6d040dade][tid:727][com.google.common.util.concurrent.ServiceManager] Started PerfStatsTracking [RUNNING] in 861.2 μs.
[2017-08-25 12:14:07.966][debug][command:a1b1e6ab-7d6f-43c7-a2b5-0ab6d040dade][tid:727][com.google.common.util.concurrent.ServiceManager] Starting ProcessTracker [STARTING].
[2017-08-25 12:14:07.966][debug][command:a1b1e6ab-7d6f-43c7-a2b5-0ab6d040dade][tid:727][com.facebook.buck.cli.Main] InvocationInfo BuildId=[a1b1e6ab-7d6f-43c7-a2b5-0ab6d040dade] Args=[query, //CS, --json, --output-attributes, buck.type, --config, client.id=nuclide]
[2017-08-25 12:14:07.966][debug][command:a1b1e6ab-7d6f-43c7-a2b5-0ab6d040dade][tid:727][com.facebook.buck.util.environment.MacWifiSsidFinder] Getting current SSID..
[2017-08-25 12:14:07.966][debug][command:null][tid:738][com.facebook.buck.util.perf.ProcessTracker] startUp
[2017-08-25 12:14:07.967][debug][command:a1b1e6ab-7d6f-43c7-a2b5-0ab6d040dade][tid:727][com.facebook.buck.util.environment.MacWifiSsidFinder] Getting SSID from Wi-Fi interface: <CWInterface: 0x7f888c0053f0> [interfaceName=en1]
[2017-08-25 12:14:07.968][debug][command:null][tid:738][com.google.common.util.concurrent.ServiceManager] Started ProcessTracker [RUNNING] in 2.401 ms.
[2017-08-25 12:14:07.968][debug][command:a1b1e6ab-7d6f-43c7-a2b5-0ab6d040dade][tid:727][com.facebook.buck.util.environment.MacWifiSsidFinder] Found SSID: ITESM
[2017-08-25 12:14:07.972][warn ][command:null][tid:741][com.facebook.buck.event.listener.PublicAnnouncementManager] Failed to get public announcements. Reason: Failed to establish connection to server.
[2017-08-25 12:14:12.978][debug][command:a1b1e6ab-7d6f-43c7-a2b5-0ab6d040dade][tid:727][com.facebook.buck.parser.Parser] com.facebook.buck.event.DefaultBuckEventBus@5f0fa109
[2017-08-25 12:14:12.978][debug][command:null][tid:734][com.facebook.buck.io.WatchmanTransportClient] Sending query: [query, /Users/macbookpro/Documents/CS, {since=c:1503576860:16574:4:390, expression=[not, [anyof, [type, d], [dirname, .idea], [dirname, .buckd], [dirname, buck-out/cache], [dirname, buck-out/.trash], [dirname, buck-out], [match, **/*.pbxproj, wholename, {includedotfiles=true}], [match, **/*.xcscheme, wholename, {includedotfiles=true}], [match, **/*.xcworkspacedata, wholename, {includedotfiles=true}], [match, **/*~, wholename, {includedotfiles=true}], [match, **/#*#, wholename, {includedotfiles=true}], [match, **/.#*, wholename, {includedotfiles=true}], [match, **/*.swo, wholename, {includedotfiles=true}], [match, **/*.swp, wholename, {includedotfiles=true}], [match, **/*.swpx, wholename, {includedotfiles=true}], [match, **/*.un~, wholename, {includedotfiles=true}], [match, **/.netrhwist, wholename, {includedotfiles=true}], [match, .idea, wholename, {includedotfiles=true}], [match, .iml, wholename, {includedotfiles=true}], [match, **/*.pydevproject, wholename, {includedotfiles=true}], [match, .project, wholename, {includedotfiles=true}], [match, .metadata, wholename, {includedotfiles=true}], [match, **/*.tmp, wholename, {includedotfiles=true}], [match, **/*.bak, wholename, {includedotfiles=true}], [match, **/*~.nib, wholename, {includedotfiles=true}], [match, .classpath, wholename, {includedotfiles=true}], [match, .settings, wholename, {includedotfiles=true}], [match, .loadpath, wholename, {includedotfiles=true}], [match, .externalToolBuilders, wholename, {includedotfiles=true}], [match, .cproject, wholename, {includedotfiles=true}], [match, .buildpath, wholename, {includedotfiles=true}], [match, .DS_Store, wholename, {includedotfiles=true}], [match, .AppleDouble, wholename, {includedotfiles=true}], [match, .LSOverride, wholename, {includedotfiles=true}], [match, .Spotlight-V100, wholename, {includedotfiles=true}], [match, .Trashes, wholename, {includedotfiles=true}], [match, $RECYCLE.BIN, wholename, {includedotfiles=true}], [match, .*.sublime-workspace, wholename, {includedotfiles=true}]]], empty_on_fresh_instance=true, fields=[name, exists, new]}]
[2017-08-25 12:14:12.991][debug][command:a1b1e6ab-7d6f-43c7-a2b5-0ab6d040dade][tid:727][com.facebook.buck.io.WatchmanTransportClient] Query [query, /Users/macbookpro/Documents/CS, {since=c:1503576860:16574:4:390, expression=[not, [anyof, [type, d], [dirname, .idea], [dirname, .buckd], [dirname, buck-out/cache], [dirname, buck-out/.trash], [dirname, buck-out], [match, **/*.pbxproj, wholename, {includedotfiles=true}], [match, **/*.xcscheme, wholename, {includedotfiles=true}], [match, **/*.xcworkspacedata, wholename, {includedotfiles=true}], [match, **/*~, wholename, {includedotfiles=true}], [match, **/#*#, wholename, {includedotfiles=true}], [match, **/.#*, wholename, {includedotfiles=true}], [match, **/*.swo, wholename, {includedotfiles=true}], [match, **/*.swp, wholename, {includedotfiles=true}], [match, **/*.swpx, wholename, {includedotfiles=true}], [match, **/*.un~, wholename, {includedotfiles=true}], [match, **/.netrhwist, wholename, {includedotfiles=true}], [match, .idea, wholename, {includedotfiles=true}], [match, .iml, wholename, {includedotfiles=true}], [match, **/*.pydevproject, wholename, {includedotfiles=true}], [match, .project, wholename, {includedotfiles=true}], [match, .metadata, wholename, {includedotfiles=true}], [match, **/*.tmp, wholename, {includedotfiles=true}], [match, **/*.bak, wholename, {includedotfiles=true}], [match, **/*~.nib, wholename, {includedotfiles=true}], [match, .classpath, wholename, {includedotfiles=true}], [match, .settings, wholename, {includedotfiles=true}], [match, .loadpath, wholename, {includedotfiles=true}], [match, .externalToolBuilders, wholename, {includedotfiles=true}], [match, .cproject, wholename, {includedotfiles=true}], [match, .buildpath, wholename, {includedotfiles=true}], [match, .DS_Store, wholename, {includedotfiles=true}], [match, .AppleDouble, wholename, {includedotfiles=true}], [match, .LSOverride, wholename, {includedotfiles=true}], [match, .Spotlight-V100, wholename, {includedotfiles=true}], [match, .Trashes, wholename, {includedotfiles=true}], [match, $RECYCLE.BIN, wholename, {includedotfiles=true}], [match, .*.sublime-workspace, wholename, {includedotfiles=true}]]], empty_on_fresh_instance=true, fields=[name, exists, new]}] returned in 13 ms
[2017-08-25 12:14:12.994][debug][command:a1b1e6ab-7d6f-43c7-a2b5-0ab6d040dade][tid:727][com.facebook.buck.util.WatchmanWatcher] Updating Watchman Cursor from c:1503576860:16574:4:390 to c:1503576860:16574:4:420
[2017-08-25 12:14:12.994][warn ][command:a1b1e6ab-7d6f-43c7-a2b5-0ab6d040dade][tid:727][com.facebook.buck.util.WatchmanWatcher] Posting WatchEvent: WatchmanPathEvent{cellPath=/Users/macbookpro/Documents/CS, kind=MODIFY, path=.git/index}
[2017-08-25 12:14:12.995][debug][command:a1b1e6ab-7d6f-43c7-a2b5-0ab6d040dade][tid:727][com.facebook.buck.util.WatchmanWatcher] Posted 1 Watchman events.
[2017-08-25 12:14:12.997][debug][command:a1b1e6ab-7d6f-43c7-a2b5-0ab6d040dade][tid:738][com.facebook.buck.util.perf.ProcessTracker] shutDown
[2017-08-25 12:14:12.997][debug][command:a1b1e6ab-7d6f-43c7-a2b5-0ab6d040dade][tid:737][com.google.common.util.concurrent.ServiceManager] Service PerfStatsTracking [TERMINATED] has terminated. Previous state was: STOPPING
[2017-08-25 12:14:12.998][debug][command:null][tid:738][com.google.common.util.concurrent.ServiceManager] Service ProcessTracker [TERMINATED] has terminated. Previous state was: STOPPING
[2017-08-25 12:14:13.003][info ][command:null][tid:727][com.facebook.buck.log.GlobalStateManager] It's possible another concurrent buck command removed the file.
java.nio.file.NoSuchFileException: buck-out/log/last_no_sub_command
	at sun.nio.fs.UnixException.translateToIOException(UnixException.java:86)
	at sun.nio.fs.UnixException.rethrowAsIOException(UnixException.java:102)
	at sun.nio.fs.UnixException.rethrowAsIOException(UnixException.java:107)
	at sun.nio.fs.UnixFileAttributeViews$Basic.readAttributes(UnixFileAttributeViews.java:55)
	at sun.nio.fs.UnixFileSystemProvider.readAttributes(UnixFileSystemProvider.java:144)
	at java.nio.file.Files.readAttributes(Files.java:1737)
	at com.facebook.buck.util.DirectoryCleaner.computePathStats(DirectoryCleaner.java:96)
	at com.facebook.buck.util.DirectoryCleaner.clean(DirectoryCleaner.java:53)
	at com.facebook.buck.log.GlobalStateManager$1.close(GlobalStateManager.java:143)
	at com.facebook.buck.cli.Main.runMainWithExitCode(Main.java:956)
	at com.facebook.buck.cli.Main.runMainThenExit(Main.java:329)
	at com.facebook.buck.cli.Main.nailMain(Main.java:1674)
	at sun.reflect.NativeMethodAccessorImpl.invoke0(Native Method)
	at sun.reflect.NativeMethodAccessorImpl.invoke(NativeMethodAccessorImpl.java:62)
	at sun.reflect.DelegatingMethodAccessorImpl.invoke(DelegatingMethodAccessorImpl.java:43)
	at java.lang.reflect.Method.invoke(Method.java:498)
	at com.martiansoftware.nailgun.NGSession.run(NGSession.java:338)

[2017-08-25 12:14:13.003][debug][command:null][tid:727][com.facebook.buck.cli.Main] Failing build on exception.
com.facebook.buck.util.HumanReadableException: Error in preloading targets. No build file at CS/BUCK when resolving target //CS:CS.
	at com.facebook.buck.cli.QueryCommand.runWithoutHelp(QueryCommand.java:134)
	at com.facebook.buck.cli.AbstractCommand.run(AbstractCommand.java:222)
	at com.facebook.buck.cli.AbstractContainerCommand.run(AbstractContainerCommand.java:66)
	at com.facebook.buck.cli.BuckCommand.run(BuckCommand.java:80)
	at com.facebook.buck.cli.Main.runMainWithExitCode(Main.java:900)
	at com.facebook.buck.cli.Main.runMainThenExit(Main.java:329)
	at com.facebook.buck.cli.Main.nailMain(Main.java:1674)
	at sun.reflect.NativeMethodAccessorImpl.invoke0(Native Method)
	at sun.reflect.NativeMethodAccessorImpl.invoke(NativeMethodAccessorImpl.java:62)
	at sun.reflect.DelegatingMethodAccessorImpl.invoke(DelegatingMethodAccessorImpl.java:43)
	at java.lang.reflect.Method.invoke(Method.java:498)
	at com.martiansoftware.nailgun.NGSession.run(NGSession.java:338)
Caused by: com.facebook.buck.query.QueryException: Error in preloading targets. No build file at CS/BUCK when resolving target //CS:CS.
	at com.facebook.buck.cli.BuckQueryEnvironment.preloadTargetPatterns(BuckQueryEnvironment.java:150)
	at com.facebook.buck.cli.BuckQueryEnvironment.evaluateQuery(BuckQueryEnvironment.java:165)
	at com.facebook.buck.cli.BuckQueryEnvironment.evaluateQuery(BuckQueryEnvironment.java:171)
	at com.facebook.buck.cli.QueryCommand.runSingleQuery(QueryCommand.java:227)
	at com.facebook.buck.cli.QueryCommand.formatAndRunQuery(QueryCommand.java:153)
	at com.facebook.buck.cli.QueryCommand.runWithoutHelp(QueryCommand.java:132)
	... 11 more
Caused by: com.facebook.buck.parser.MissingBuildFileException: No build file at CS/BUCK when resolving target //CS:CS.
	at com.facebook.buck.parser.Parser.resolveTargetSpecs(Parser.java:442)
	at com.facebook.buck.parser.Parser.resolveTargetSpecs(Parser.java:384)
	at com.facebook.buck.cli.TargetPatternEvaluator.resolveBuildTargetPatterns(TargetPatternEvaluator.java:148)
	at com.facebook.buck.cli.TargetPatternEvaluator.resolveTargetPatterns(TargetPatternEvaluator.java:118)
	at com.facebook.buck.cli.TargetPatternEvaluator.preloadTargetPatterns(TargetPatternEvaluator.java:79)
	at com.facebook.buck.cli.BuckQueryEnvironment.preloadTargetPatterns(BuckQueryEnvironment.java:145)
	... 16 more

[2017-08-25 12:14:13.008][info ][command:null][tid:727][com.facebook.buck.cli.Main] Awaiting termination of HTTP Write executor service. Waiting for all jobs to complete, or up to maximum of 1800 seconds...
[2017-08-25 12:14:13.008][info ][command:null][tid:727][com.facebook.buck.cli.Main] Awaiting termination of Disk IO executor service. Waiting for all jobs to complete, or up to maximum of 10 seconds...
[2017-08-25 12:14:13.008][debug][command:null][tid:727][com.facebook.buck.event.listener.ChromeTraceBuildListener] Writing Chrome trace to buck-out/log/2017-08-25_17h14m07s_querycommand_a1b1e6ab-7d6f-43c7-a2b5-0ab6d040dade/build.2017-08-25.12-14-07.a1b1e6ab-7d6f-43c7-a2b5-0ab6d040dade.trace
[2017-08-25 12:14:13.011][info ][command:null][tid:727][com.facebook.buck.cli.Main] Awaiting termination of NETWORK executor service. Waiting for all jobs to complete, or up to maximum of 60 seconds...
[2017-08-25 12:14:13.011][info ][command:null][tid:727][com.facebook.buck.cli.Main] Awaiting termination of PROJECT executor service. Waiting for all jobs to complete, or up to maximum of 60 seconds...
[2017-08-25 12:14:13.011][info ][command:null][tid:727][com.facebook.buck.cli.Main] Awaiting termination of CPU executor service. Waiting for all jobs to complete, or up to maximum of 60 seconds...
[2017-08-25 12:14:13.011][debug][command:null][tid:727][com.facebook.buck.io.WatchmanTransportClient] Closing Watchman transport.
[2017-08-25 12:14:13.011][warn ][command:null][tid:727][com.facebook.buck.util.Console] Build failure: Error in preloading targets. No build file at CS/BUCK when resolving target //CS:CS.
[2017-08-25 12:14:13.012][debug][command:null][tid:727][com.facebook.buck.cli.Main] Done.
[2017-08-25 12:14:13.012][info ][command:null][tid:727][com.martiansoftware.nailgun.NGSession] Server cleanly exited with status 1
com.martiansoftware.nailgun.NGExitException: ExitException: status 1
	at com.martiansoftware.nailgun.NGSecurityManager.checkExit(NGSecurityManager.java:56)
	at java.lang.Runtime.exit(Runtime.java:107)
	at java.lang.System.exit(System.java:971)
	at com.facebook.buck.cli.Main.runMainThenExit(Main.java:359)
	at com.facebook.buck.cli.Main.nailMain(Main.java:1674)
	at sun.reflect.NativeMethodAccessorImpl.invoke0(Native Method)
	at sun.reflect.NativeMethodAccessorImpl.invoke(NativeMethodAccessorImpl.java:62)
	at sun.reflect.DelegatingMethodAccessorImpl.invoke(DelegatingMethodAccessorImpl.java:43)
	at java.lang.reflect.Method.invoke(Method.java:498)
	at com.martiansoftware.nailgun.NGSession.run(NGSession.java:338)

[2017-08-25 12:14:13.012][warn ][command:null][tid:731][com.martiansoftware.nailgun.NGInputStream] Nailgun client read future was interrupted
java.lang.InterruptedException
	at java.util.concurrent.FutureTask.awaitDone(FutureTask.java:404)
	at java.util.concurrent.FutureTask.get(FutureTask.java:204)
	at com.martiansoftware.nailgun.NGInputStream$1.run(NGInputStream.java:91)
	at java.util.concurrent.Executors$RunnableAdapter.call(Executors.java:511)
	at java.util.concurrent.FutureTask.run(FutureTask.java:266)
	at java.util.concurrent.ThreadPoolExecutor.runWorker(ThreadPoolExecutor.java:1149)
	at java.util.concurrent.ThreadPoolExecutor$Worker.run(ThreadPoolExecutor.java:624)
	at java.lang.Thread.run(Thread.java:748)

[2017-08-25 12:14:13.012][debug][command:null][tid:727][com.martiansoftware.nailgun.NGSession] Tearing down client socket
[2017-08-25 12:14:13.013][debug][command:null][tid:731][com.martiansoftware.nailgun.NGInputStream] Nailgun client read shutting down
[2017-08-25 12:14:13.013][debug][command:null][tid:727][com.martiansoftware.nailgun.NGSession] Flushing client socket
[2017-08-25 12:14:13.013][debug][command:null][tid:727][com.martiansoftware.nailgun.NGSession] Error shutting down socket I/O (this is expected if the client disconnected already)
java.io.IOException: com.sun.jna.LastErrorException: [57] Socket is not connected
	at com.martiansoftware.nailgun.NGUnixDomainSocket.doShutdown(NGUnixDomainSocket.java:74)
	at com.martiansoftware.nailgun.NGUnixDomainSocket.shutdownInput(NGUnixDomainSocket.java:60)
	at com.martiansoftware.nailgun.NGSession.run(NGSession.java:384)
Caused by: com.sun.jna.LastErrorException: [57] Socket is not connected
	at com.martiansoftware.nailgun.NGUnixDomainSocketLibrary.shutdown(Native Method)
	at com.martiansoftware.nailgun.NGUnixDomainSocket.doShutdown(NGUnixDomainSocket.java:71)
	... 2 more

[2017-08-25 12:14:13.013][debug][command:null][tid:727][com.martiansoftware.nailgun.NGSession] Closing client socket
[2017-08-25 12:14:13.013][debug][command:null][tid:727][com.martiansoftware.nailgun.NGSession] Finished tearing down client socket
[2017-08-25 12:14:13.013][debug][command:null][tid:727][com.martiansoftware.nailgun.NGSession] Waiting for next client to connect
[2017-08-25 12:14:13.013][info ][command:null][tid:727][com.martiansoftware.nailgun.NGSession] NGSession shutting down
[2017-08-25 12:14:23.815][debug][command:null][tid:730][com.martiansoftware.nailgun.NGSession] Client connected
[2017-08-25 12:14:23.816][debug][command:null][tid:744][com.martiansoftware.nailgun.NGSession] Waiting for first client to connect
[2017-08-25 12:14:23.818][debug][command:null][tid:730][com.martiansoftware.nailgun.NGSession] Tearing down client socket
[2017-08-25 12:14:23.818][debug][command:null][tid:730][com.martiansoftware.nailgun.NGSession] Flushing client socket
[2017-08-25 12:14:23.818][warn ][command:null][tid:745][com.martiansoftware.nailgun.NGInputStream] Nailgun client read future was interrupted
java.lang.InterruptedException
	at java.util.concurrent.FutureTask.awaitDone(FutureTask.java:404)
	at java.util.concurrent.FutureTask.get(FutureTask.java:204)
	at com.martiansoftware.nailgun.NGInputStream$1.run(NGInputStream.java:91)
	at java.util.concurrent.Executors$RunnableAdapter.call(Executors.java:511)
	at java.util.concurrent.FutureTask.run(FutureTask.java:266)
	at java.util.concurrent.ThreadPoolExecutor.runWorker(ThreadPoolExecutor.java:1149)
	at java.util.concurrent.ThreadPoolExecutor$Worker.run(ThreadPoolExecutor.java:624)
	at java.lang.Thread.run(Thread.java:748)

[2017-08-25 12:14:23.818][debug][command:null][tid:745][com.martiansoftware.nailgun.NGInputStream] Nailgun client read shutting down
[2017-08-25 12:14:23.818][debug][command:null][tid:730][com.martiansoftware.nailgun.NGSession] Error shutting down socket I/O (this is expected if the client disconnected already)
java.io.IOException: com.sun.jna.LastErrorException: [57] Socket is not connected
	at com.martiansoftware.nailgun.NGUnixDomainSocket.doShutdown(NGUnixDomainSocket.java:74)
	at com.martiansoftware.nailgun.NGUnixDomainSocket.shutdownInput(NGUnixDomainSocket.java:60)
	at com.martiansoftware.nailgun.NGSession.run(NGSession.java:384)
Caused by: com.sun.jna.LastErrorException: [57] Socket is not connected
	at com.martiansoftware.nailgun.NGUnixDomainSocketLibrary.shutdown(Native Method)
	at com.martiansoftware.nailgun.NGUnixDomainSocket.doShutdown(NGUnixDomainSocket.java:71)
	... 2 more

[2017-08-25 12:14:23.818][debug][command:null][tid:730][com.martiansoftware.nailgun.NGSession] Closing client socket
[2017-08-25 12:14:23.818][debug][command:null][tid:730][com.martiansoftware.nailgun.NGSession] Finished tearing down client socket
[2017-08-25 12:14:23.818][debug][command:null][tid:730][com.martiansoftware.nailgun.NGSession] Waiting for next client to connect
[2017-08-25 12:14:23.818][info ][command:null][tid:730][com.martiansoftware.nailgun.NGSession] NGSession shutting down
[2017-08-25 12:14:23.818][debug][command:null][tid:744][com.martiansoftware.nailgun.NGSession] Client connected
[2017-08-25 12:14:23.819][debug][command:null][tid:747][com.martiansoftware.nailgun.NGSession] Waiting for first client to connect
[2017-08-25 12:14:23.820][debug][command:null][tid:744][com.martiansoftware.nailgun.NGSession] Tearing down client socket
[2017-08-25 12:14:23.820][debug][command:null][tid:744][com.martiansoftware.nailgun.NGSession] Flushing client socket
[2017-08-25 12:14:23.820][warn ][command:null][tid:748][com.martiansoftware.nailgun.NGInputStream] Nailgun client read future was interrupted
java.lang.InterruptedException
	at java.util.concurrent.FutureTask.awaitDone(FutureTask.java:404)
	at java.util.concurrent.FutureTask.get(FutureTask.java:204)
	at com.martiansoftware.nailgun.NGInputStream$1.run(NGInputStream.java:91)
	at java.util.concurrent.Executors$RunnableAdapter.call(Executors.java:511)
	at java.util.concurrent.FutureTask.run(FutureTask.java:266)
	at java.util.concurrent.ThreadPoolExecutor.runWorker(ThreadPoolExecutor.java:1149)
	at java.util.concurrent.ThreadPoolExecutor$Worker.run(ThreadPoolExecutor.java:624)
	at java.lang.Thread.run(Thread.java:748)

[2017-08-25 12:14:23.820][debug][command:null][tid:748][com.martiansoftware.nailgun.NGInputStream] Nailgun client read shutting down
[2017-08-25 12:14:23.820][debug][command:null][tid:744][com.martiansoftware.nailgun.NGSession] Error shutting down socket I/O (this is expected if the client disconnected already)
java.io.IOException: com.sun.jna.LastErrorException: [57] Socket is not connected
	at com.martiansoftware.nailgun.NGUnixDomainSocket.doShutdown(NGUnixDomainSocket.java:74)
	at com.martiansoftware.nailgun.NGUnixDomainSocket.shutdownInput(NGUnixDomainSocket.java:60)
	at com.martiansoftware.nailgun.NGSession.run(NGSession.java:384)
Caused by: com.sun.jna.LastErrorException: [57] Socket is not connected
	at com.martiansoftware.nailgun.NGUnixDomainSocketLibrary.shutdown(Native Method)
	at com.martiansoftware.nailgun.NGUnixDomainSocket.doShutdown(NGUnixDomainSocket.java:71)
	... 2 more

[2017-08-25 12:14:23.820][debug][command:null][tid:747][com.martiansoftware.nailgun.NGSession] Client connected
[2017-08-25 12:14:23.821][debug][command:null][tid:744][com.martiansoftware.nailgun.NGSession] Closing client socket
[2017-08-25 12:14:23.821][debug][command:null][tid:744][com.martiansoftware.nailgun.NGSession] Finished tearing down client socket
[2017-08-25 12:14:23.821][debug][command:null][tid:750][com.martiansoftware.nailgun.NGSession] Waiting for first client to connect
[2017-08-25 12:14:23.821][debug][command:null][tid:744][com.martiansoftware.nailgun.NGSession] Waiting for next client to connect
[2017-08-25 12:14:23.821][info ][command:null][tid:744][com.martiansoftware.nailgun.NGSession] NGSession shutting down
[2017-08-25 12:14:23.825][debug][command:null][tid:747][com.facebook.buck.cli.Main] Rotating log.
