[2017-08-29 10:20:23.930][info ][command:null][tid:01][com.facebook.buck.cli.HangMonitor] HangMonitorAutoStart
[2017-08-29 10:20:25.028][debug][command:null][tid:01][com.google.common.util.concurrent.ServiceManager] Starting HangMonitor [RUNNING].
[2017-08-29 10:20:25.044][debug][command:null][tid:01][com.google.common.util.concurrent.ServiceManager] Started HangMonitor [RUNNING] in 46.22 ms.
[2017-08-29 10:20:25.635][info ][command:null][tid:01][com.facebook.buck.cli.Main] enabling background process killing for buckd
[2017-08-29 10:20:25.646][info ][command:null][tid:01][com.facebook.buck.cli.Main] enabled background process killing for buckd
[2017-08-29 10:20:25.648][info ][command:null][tid:01][com.facebook.buck.cli.Main] initialized bg session killer
[2017-08-29 10:20:26.158][debug][command:null][tid:14][com.martiansoftware.nailgun.NGSession] Waiting for first client to connect
[2017-08-29 10:25:25.035][info ][command:null][tid:12][com.facebook.buck.cli.Main] No recent activity, dumping thread stacks (`tr , '\n'` to decode): Thread [Attach Listener],stack:[],Thread [NonReentrantSystemExit],stack:[sun.misc.Unsafe.park(Native Method), java.util.concurrent.locks.LockSupport.park(LockSupport.java:175), java.util.concurrent.locks.AbstractQueuedSynchronizer.parkAndCheckInterrupt(AbstractQueuedSynchronizer.java:836), java.util.concurrent.locks.AbstractQueuedSynchronizer.doAcquireSharedInterruptibly(AbstractQueuedSynchronizer.java:997), java.util.concurrent.locks.AbstractQueuedSynchronizer.acquireSharedInterruptibly(AbstractQueuedSynchronizer.java:1304), java.util.concurrent.CountDownLatch.await(CountDownLatch.java:231), com.facebook.buck.util.shutdown.NonReentrantSystemExit$1.run(NonReentrantSystemExit.java:44)],Thread [Finalizer],stack:[java.lang.Object.wait(Native Method), java.lang.ref.ReferenceQueue.remove(ReferenceQueue.java:143), java.lang.ref.ReferenceQueue.remove(ReferenceQueue.java:164), java.lang.ref.Finalizer$FinalizerThread.run(Finalizer.java:209)],Thread [Reference Handler],stack:[java.lang.Object.wait(Native Method), java.lang.Object.wait(Object.java:502), java.lang.ref.Reference.tryHandlePending(Reference.java:191), java.lang.ref.Reference$ReferenceHandler.run(Reference.java:153)],Thread [main],stack:[com.martiansoftware.nailgun.NGUnixDomainSocketLibrary.accept(Native Method), com.martiansoftware.nailgun.NGUnixDomainServerSocket.accept(NGUnixDomainServerSocket.java:157), com.martiansoftware.nailgun.NGServer.run(NGServer.java:438), com.facebook.buck.cli.Main$DaemonBootstrap.main(Main.java:1581), sun.reflect.NativeMethodAccessorImpl.invoke0(Native Method), sun.reflect.NativeMethodAccessorImpl.invoke(NativeMethodAccessorImpl.java:62), sun.reflect.DelegatingMethodAccessorImpl.invoke(DelegatingMethodAccessorImpl.java:43), java.lang.reflect.Method.invoke(Method.java:498), com.facebook.buck.cli.bootstrapper.ClassLoaderBootstrapper.main(ClassLoaderBootstrapper.java:55)],Thread [NGSession 1: (idle)],stack:[java.lang.Object.wait(Native Method), java.lang.Object.wait(Object.java:502), com.martiansoftware.nailgun.NGSession.nextSocket(NGSession.java:172), com.martiansoftware.nailgun.NGSession.run(NGSession.java:192)],
[2017-08-29 11:38:04.313][debug][command:null][tid:14][com.martiansoftware.nailgun.NGSession] Client connected
[2017-08-29 11:38:04.313][debug][command:null][tid:15][com.martiansoftware.nailgun.NGSession] Waiting for first client to connect
[2017-08-29 11:38:04.366][debug][command:null][tid:14][com.martiansoftware.nailgun.NGSession] Tearing down client socket
[2017-08-29 11:38:04.367][debug][command:null][tid:15][com.martiansoftware.nailgun.NGSession] Client connected
[2017-08-29 11:38:04.367][debug][command:null][tid:14][com.martiansoftware.nailgun.NGSession] Flushing client socket
[2017-08-29 11:38:04.368][debug][command:null][tid:18][com.martiansoftware.nailgun.NGSession] Waiting for first client to connect
[2017-08-29 11:38:04.372][debug][command:null][tid:15][com.martiansoftware.nailgun.NGSession] Tearing down client socket
[2017-08-29 11:38:04.372][debug][command:null][tid:15][com.martiansoftware.nailgun.NGSession] Flushing client socket
[2017-08-29 11:38:04.374][debug][command:null][tid:18][com.martiansoftware.nailgun.NGSession] Client connected
[2017-08-29 11:38:04.368][debug][command:null][tid:14][com.martiansoftware.nailgun.NGSession] Error shutting down socket I/O (this is expected if the client disconnected already)
java.io.IOException: com.sun.jna.LastErrorException: [57] Socket is not connected
	at com.martiansoftware.nailgun.NGUnixDomainSocket.doShutdown(NGUnixDomainSocket.java:74)
	at com.martiansoftware.nailgun.NGUnixDomainSocket.shutdownInput(NGUnixDomainSocket.java:60)
	at com.martiansoftware.nailgun.NGSession.run(NGSession.java:384)
Caused by: com.sun.jna.LastErrorException: [57] Socket is not connected
	at com.martiansoftware.nailgun.NGUnixDomainSocketLibrary.shutdown(Native Method)
	at com.martiansoftware.nailgun.NGUnixDomainSocket.doShutdown(NGUnixDomainSocket.java:71)
	... 2 more

[2017-08-29 11:38:04.373][debug][command:null][tid:15][com.martiansoftware.nailgun.NGSession] Error shutting down socket I/O (this is expected if the client disconnected already)
java.io.IOException: com.sun.jna.LastErrorException: [57] Socket is not connected
	at com.martiansoftware.nailgun.NGUnixDomainSocket.doShutdown(NGUnixDomainSocket.java:74)
	at com.martiansoftware.nailgun.NGUnixDomainSocket.shutdownInput(NGUnixDomainSocket.java:60)
	at com.martiansoftware.nailgun.NGSession.run(NGSession.java:384)
Caused by: com.sun.jna.LastErrorException: [57] Socket is not connected
	at com.martiansoftware.nailgun.NGUnixDomainSocketLibrary.shutdown(Native Method)
	at com.martiansoftware.nailgun.NGUnixDomainSocket.doShutdown(NGUnixDomainSocket.java:71)
	... 2 more

[2017-08-29 11:38:04.375][debug][command:null][tid:21][com.martiansoftware.nailgun.NGSession] Waiting for first client to connect
[2017-08-29 11:38:04.367][warn ][command:null][tid:16][com.martiansoftware.nailgun.NGInputStream] Nailgun client read future raised an exception
java.util.concurrent.ExecutionException: java.lang.RuntimeException: java.io.EOFException
	at java.util.concurrent.FutureTask.report(FutureTask.java:122)
	at java.util.concurrent.FutureTask.get(FutureTask.java:206)
	at com.martiansoftware.nailgun.NGInputStream$1.run(NGInputStream.java:91)
	at java.util.concurrent.Executors$RunnableAdapter.call(Executors.java:511)
	at java.util.concurrent.FutureTask.run(FutureTask.java:266)
	at java.util.concurrent.ThreadPoolExecutor.runWorker(ThreadPoolExecutor.java:1149)
	at java.util.concurrent.ThreadPoolExecutor$Worker.run(ThreadPoolExecutor.java:624)
	at java.lang.Thread.run(Thread.java:748)
Caused by: java.lang.RuntimeException: java.io.EOFException
	at com.martiansoftware.nailgun.NGInputStream$1$1.run(NGInputStream.java:85)
	... 5 more
Caused by: java.io.EOFException
	at java.io.DataInputStream.readInt(DataInputStream.java:392)
	at com.martiansoftware.nailgun.NGInputStream.readChunk(NGInputStream.java:198)
	at com.martiansoftware.nailgun.NGInputStream.access$000(NGInputStream.java:35)
	at com.martiansoftware.nailgun.NGInputStream$1$1.run(NGInputStream.java:83)
	... 5 more

[2017-08-29 11:38:04.375][debug][command:null][tid:14][com.martiansoftware.nailgun.NGSession] Closing client socket
[2017-08-29 11:38:04.374][warn ][command:null][tid:19][com.martiansoftware.nailgun.NGInputStream] Nailgun client read future was interrupted
java.lang.InterruptedException
	at java.util.concurrent.FutureTask.awaitDone(FutureTask.java:404)
	at java.util.concurrent.FutureTask.get(FutureTask.java:204)
	at com.martiansoftware.nailgun.NGInputStream$1.run(NGInputStream.java:91)
	at java.util.concurrent.Executors$RunnableAdapter.call(Executors.java:511)
	at java.util.concurrent.FutureTask.run(FutureTask.java:266)
	at java.util.concurrent.ThreadPoolExecutor.runWorker(ThreadPoolExecutor.java:1149)
	at java.util.concurrent.ThreadPoolExecutor$Worker.run(ThreadPoolExecutor.java:624)
	at java.lang.Thread.run(Thread.java:748)

[2017-08-29 11:38:04.377][debug][command:null][tid:14][com.martiansoftware.nailgun.NGSession] Finished tearing down client socket
[2017-08-29 11:38:04.377][debug][command:null][tid:19][com.martiansoftware.nailgun.NGInputStream] Nailgun client read shutting down
[2017-08-29 11:38:04.377][debug][command:null][tid:16][com.martiansoftware.nailgun.NGInputStream] Nailgun client read shutting down
[2017-08-29 11:38:04.376][debug][command:null][tid:15][com.martiansoftware.nailgun.NGSession] Closing client socket
[2017-08-29 11:38:04.378][debug][command:null][tid:14][com.martiansoftware.nailgun.NGSession] Waiting for next client to connect
[2017-08-29 11:38:04.378][debug][command:null][tid:15][com.martiansoftware.nailgun.NGSession] Finished tearing down client socket
[2017-08-29 11:38:04.378][info ][command:null][tid:14][com.martiansoftware.nailgun.NGSession] NGSession shutting down
[2017-08-29 11:38:04.379][debug][command:null][tid:15][com.martiansoftware.nailgun.NGSession] Waiting for next client to connect
[2017-08-29 11:38:04.380][info ][command:null][tid:15][com.martiansoftware.nailgun.NGSession] NGSession shutting down
[2017-08-29 11:38:04.848][debug][command:null][tid:18][com.facebook.buck.cli.Main] Rotating log.
