[2017-08-18 12:24:44.026][debug][command:fe768a5a-1ba1-47a5-aff6-de37b0e6da56][tid:206][com.facebook.buck.event.listener.SuperConsoleEventBusListener] Starting render scheduler (interval 100 ms)
[2017-08-18 12:24:44.027][debug][command:fe768a5a-1ba1-47a5-aff6-de37b0e6da56][tid:206][com.google.common.util.concurrent.ServiceManager] Starting PerfStatsTracking [STARTING].
[2017-08-18 12:24:44.028][debug][command:null][tid:217][com.google.common.util.concurrent.ServiceManager] Started PerfStatsTracking [RUNNING] in 940.6 μs.
[2017-08-18 12:24:44.028][debug][command:null][tid:218][com.facebook.buck.util.perf.ProcessTracker] startUp
[2017-08-18 12:24:44.028][debug][command:null][tid:217][com.google.common.util.concurrent.ServiceManager] Started PerfStatsTracking [RUNNING] in 940.6 μs.
[2017-08-18 12:24:44.028][debug][command:null][tid:218][com.facebook.buck.util.perf.ProcessTracker] startUp
[2017-08-18 12:24:44.028][debug][command:fe768a5a-1ba1-47a5-aff6-de37b0e6da56][tid:206][com.google.common.util.concurrent.ServiceManager] Starting ProcessTracker [STARTING].
[2017-08-18 12:24:44.029][debug][command:fe768a5a-1ba1-47a5-aff6-de37b0e6da56][tid:206][com.facebook.buck.cli.Main] InvocationInfo BuildId=[fe768a5a-1ba1-47a5-aff6-de37b0e6da56] Args=[project, --ide, xcode]
[2017-08-18 12:24:44.029][debug][command:fe768a5a-1ba1-47a5-aff6-de37b0e6da56][tid:206][com.facebook.buck.util.environment.MacWifiSsidFinder] Getting current SSID..
[2017-08-18 12:24:44.031][debug][command:null][tid:218][com.google.common.util.concurrent.ServiceManager] Started ProcessTracker [RUNNING] in 2.666 ms.
[2017-08-18 12:24:44.031][debug][command:null][tid:218][com.google.common.util.concurrent.ServiceManager] Started ProcessTracker [RUNNING] in 2.666 ms.
[2017-08-18 12:24:44.030][debug][command:fe768a5a-1ba1-47a5-aff6-de37b0e6da56][tid:206][com.facebook.buck.util.environment.MacWifiSsidFinder] Getting SSID from Wi-Fi interface: <CWInterface: 0x7fe88c620b50> [interfaceName=en1]
[2017-08-18 12:24:44.032][debug][command:fe768a5a-1ba1-47a5-aff6-de37b0e6da56][tid:206][com.facebook.buck.util.environment.MacWifiSsidFinder] Found SSID: ITESM
[2017-08-18 12:24:44.036][warn ][command:null][tid:221][com.facebook.buck.event.listener.PublicAnnouncementManager] Failed to get public announcements. Reason: Failed to establish connection to server.
[2017-08-18 12:24:44.036][warn ][command:null][tid:221][com.facebook.buck.event.listener.PublicAnnouncementManager] Failed to get public announcements. Reason: Failed to establish connection to server.
[2017-08-18 12:24:44.036][info ][command:null][tid:222][com.facebook.buck.util.versioncontrol.VersionControlStatsGenerator] Starting generation of version control stats.
[2017-08-18 12:24:44.036][info ][command:null][tid:222][com.facebook.buck.util.versioncontrol.VersionControlStatsGenerator] Starting generation of version control stats.
[2017-08-18 12:24:44.039][debug][command:null][tid:222][com.facebook.buck.util.versioncontrol.VersionControlCmdLineInterface] Executing command: hg log -l 1 --template {node|short}
[2017-08-18 12:24:44.039][debug][command:null][tid:222][com.facebook.buck.util.versioncontrol.VersionControlCmdLineInterface] Executing command: hg log -l 1 --template {node|short}
[2017-08-18 12:24:44.045][warn ][command:null][tid:222][com.facebook.buck.util.versioncontrol.DelegatingVersionControlCmdLineInterface] Mercurial is the only VCS supported for VCS stats generation, however current project (which has enabled VCS stats generation in its .buckconfig) does not appear to be a Mercurial repository: 
com.facebook.buck.util.versioncontrol.VersionControlCommandFailedException: java.io.IOException: Cannot run program "hg" (in directory "/Users/macbookpro/Documents/CS"): error=2, No such file or directory
[2017-08-18 12:24:44.045][warn ][command:null][tid:222][com.facebook.buck.util.versioncontrol.DelegatingVersionControlCmdLineInterface] Mercurial is the only VCS supported for VCS stats generation, however current project (which has enabled VCS stats generation in its .buckconfig) does not appear to be a Mercurial repository: 
com.facebook.buck.util.versioncontrol.VersionControlCommandFailedException: java.io.IOException: Cannot run program "hg" (in directory "/Users/macbookpro/Documents/CS"): error=2, No such file or directory
[2017-08-18 12:24:44.045][debug][command:null][tid:222][com.facebook.buck.util.versioncontrol.DelegatingVersionControlCmdLineInterface] Using NoOpCmdLineInterface.
[2017-08-18 12:24:44.045][debug][command:null][tid:222][com.facebook.buck.util.versioncontrol.DelegatingVersionControlCmdLineInterface] Using NoOpCmdLineInterface.
[2017-08-18 12:24:44.045][warn ][command:null][tid:222][com.facebook.buck.util.versioncontrol.VersionControlStatsGenerator] Skipping generation of version control stats as unsupported repository type.
[2017-08-18 12:24:44.045][warn ][command:null][tid:222][com.facebook.buck.util.versioncontrol.VersionControlStatsGenerator] Skipping generation of version control stats as unsupported repository type.
[2017-08-18 12:24:49.038][debug][command:fe768a5a-1ba1-47a5-aff6-de37b0e6da56][tid:206][com.facebook.buck.parser.Parser] com.facebook.buck.event.DefaultBuckEventBus@292fa0a4
[2017-08-18 12:24:49.041][debug][command:null][tid:213][com.facebook.buck.io.WatchmanTransportClient] Sending query: [query, /Users/macbookpro/Documents/CS, {since=c:1503076198:8813:1:199, expression=[not, [anyof, [type, d], [dirname, .idea], [dirname, .buckd], [dirname, buck-out/cache], [dirname, buck-out/.trash], [dirname, buck-out], [match, **/*.pbxproj, wholename, {includedotfiles=true}], [match, **/*.xcscheme, wholename, {includedotfiles=true}], [match, **/*.xcworkspacedata, wholename, {includedotfiles=true}], [match, **/*~, wholename, {includedotfiles=true}], [match, **/#*#, wholename, {includedotfiles=true}], [match, **/.#*, wholename, {includedotfiles=true}], [match, **/*.swo, wholename, {includedotfiles=true}], [match, **/*.swp, wholename, {includedotfiles=true}], [match, **/*.swpx, wholename, {includedotfiles=true}], [match, **/*.un~, wholename, {includedotfiles=true}], [match, **/.netrhwist, wholename, {includedotfiles=true}], [match, .idea, wholename, {includedotfiles=true}], [match, .iml, wholename, {includedotfiles=true}], [match, **/*.pydevproject, wholename, {includedotfiles=true}], [match, .project, wholename, {includedotfiles=true}], [match, .metadata, wholename, {includedotfiles=true}], [match, **/*.tmp, wholename, {includedotfiles=true}], [match, **/*.bak, wholename, {includedotfiles=true}], [match, **/*~.nib, wholename, {includedotfiles=true}], [match, .classpath, wholename, {includedotfiles=true}], [match, .settings, wholename, {includedotfiles=true}], [match, .loadpath, wholename, {includedotfiles=true}], [match, .externalToolBuilders, wholename, {includedotfiles=true}], [match, .cproject, wholename, {includedotfiles=true}], [match, .buildpath, wholename, {includedotfiles=true}], [match, .DS_Store, wholename, {includedotfiles=true}], [match, .AppleDouble, wholename, {includedotfiles=true}], [match, .LSOverride, wholename, {includedotfiles=true}], [match, .Spotlight-V100, wholename, {includedotfiles=true}], [match, .Trashes, wholename, {includedotfiles=true}], [match, $RECYCLE.BIN, wholename, {includedotfiles=true}], [match, .*.sublime-workspace, wholename, {includedotfiles=true}]]], empty_on_fresh_instance=true, fields=[name, exists, new]}]
[2017-08-18 12:24:49.041][debug][command:null][tid:213][com.facebook.buck.io.WatchmanTransportClient] Sending query: [query, /Users/macbookpro/Documents/CS, {since=c:1503076198:8813:1:199, expression=[not, [anyof, [type, d], [dirname, .idea], [dirname, .buckd], [dirname, buck-out/cache], [dirname, buck-out/.trash], [dirname, buck-out], [match, **/*.pbxproj, wholename, {includedotfiles=true}], [match, **/*.xcscheme, wholename, {includedotfiles=true}], [match, **/*.xcworkspacedata, wholename, {includedotfiles=true}], [match, **/*~, wholename, {includedotfiles=true}], [match, **/#*#, wholename, {includedotfiles=true}], [match, **/.#*, wholename, {includedotfiles=true}], [match, **/*.swo, wholename, {includedotfiles=true}], [match, **/*.swp, wholename, {includedotfiles=true}], [match, **/*.swpx, wholename, {includedotfiles=true}], [match, **/*.un~, wholename, {includedotfiles=true}], [match, **/.netrhwist, wholename, {includedotfiles=true}], [match, .idea, wholename, {includedotfiles=true}], [match, .iml, wholename, {includedotfiles=true}], [match, **/*.pydevproject, wholename, {includedotfiles=true}], [match, .project, wholename, {includedotfiles=true}], [match, .metadata, wholename, {includedotfiles=true}], [match, **/*.tmp, wholename, {includedotfiles=true}], [match, **/*.bak, wholename, {includedotfiles=true}], [match, **/*~.nib, wholename, {includedotfiles=true}], [match, .classpath, wholename, {includedotfiles=true}], [match, .settings, wholename, {includedotfiles=true}], [match, .loadpath, wholename, {includedotfiles=true}], [match, .externalToolBuilders, wholename, {includedotfiles=true}], [match, .cproject, wholename, {includedotfiles=true}], [match, .buildpath, wholename, {includedotfiles=true}], [match, .DS_Store, wholename, {includedotfiles=true}], [match, .AppleDouble, wholename, {includedotfiles=true}], [match, .LSOverride, wholename, {includedotfiles=true}], [match, .Spotlight-V100, wholename, {includedotfiles=true}], [match, .Trashes, wholename, {includedotfiles=true}], [match, $RECYCLE.BIN, wholename, {includedotfiles=true}], [match, .*.sublime-workspace, wholename, {includedotfiles=true}]]], empty_on_fresh_instance=true, fields=[name, exists, new]}]
[2017-08-18 12:24:49.054][debug][command:fe768a5a-1ba1-47a5-aff6-de37b0e6da56][tid:206][com.facebook.buck.io.WatchmanTransportClient] Query [query, /Users/macbookpro/Documents/CS, {since=c:1503076198:8813:1:199, expression=[not, [anyof, [type, d], [dirname, .idea], [dirname, .buckd], [dirname, buck-out/cache], [dirname, buck-out/.trash], [dirname, buck-out], [match, **/*.pbxproj, wholename, {includedotfiles=true}], [match, **/*.xcscheme, wholename, {includedotfiles=true}], [match, **/*.xcworkspacedata, wholename, {includedotfiles=true}], [match, **/*~, wholename, {includedotfiles=true}], [match, **/#*#, wholename, {includedotfiles=true}], [match, **/.#*, wholename, {includedotfiles=true}], [match, **/*.swo, wholename, {includedotfiles=true}], [match, **/*.swp, wholename, {includedotfiles=true}], [match, **/*.swpx, wholename, {includedotfiles=true}], [match, **/*.un~, wholename, {includedotfiles=true}], [match, **/.netrhwist, wholename, {includedotfiles=true}], [match, .idea, wholename, {includedotfiles=true}], [match, .iml, wholename, {includedotfiles=true}], [match, **/*.pydevproject, wholename, {includedotfiles=true}], [match, .project, wholename, {includedotfiles=true}], [match, .metadata, wholename, {includedotfiles=true}], [match, **/*.tmp, wholename, {includedotfiles=true}], [match, **/*.bak, wholename, {includedotfiles=true}], [match, **/*~.nib, wholename, {includedotfiles=true}], [match, .classpath, wholename, {includedotfiles=true}], [match, .settings, wholename, {includedotfiles=true}], [match, .loadpath, wholename, {includedotfiles=true}], [match, .externalToolBuilders, wholename, {includedotfiles=true}], [match, .cproject, wholename, {includedotfiles=true}], [match, .buildpath, wholename, {includedotfiles=true}], [match, .DS_Store, wholename, {includedotfiles=true}], [match, .AppleDouble, wholename, {includedotfiles=true}], [match, .LSOverride, wholename, {includedotfiles=true}], [match, .Spotlight-V100, wholename, {includedotfiles=true}], [match, .Trashes, wholename, {includedotfiles=true}], [match, $RECYCLE.BIN, wholename, {includedotfiles=true}], [match, .*.sublime-workspace, wholename, {includedotfiles=true}]]], empty_on_fresh_instance=true, fields=[name, exists, new]}] returned in 13 ms
[2017-08-18 12:24:49.055][debug][command:fe768a5a-1ba1-47a5-aff6-de37b0e6da56][tid:206][com.facebook.buck.util.WatchmanWatcher] Updating Watchman Cursor from c:1503076198:8813:1:199 to c:1503076198:8813:1:221
[2017-08-18 12:24:49.055][debug][command:fe768a5a-1ba1-47a5-aff6-de37b0e6da56][tid:206][com.facebook.buck.util.WatchmanWatcher] Posted 0 Watchman events.
[2017-08-18 12:24:49.152][debug][command:fe768a5a-1ba1-47a5-aff6-de37b0e6da56][tid:206][com.facebook.buck.parser.AbstractBuildFileSpec] Finding build files for  under /Users/macbookpro/Documents/CS...
[2017-08-18 12:24:49.153][debug][command:fe768a5a-1ba1-47a5-aff6-de37b0e6da56][tid:206][com.facebook.buck.parser.AbstractBuildFileSpec] Not using Watchman (search method FILESYSTEM_CRAWL, client present true, root present true)
[2017-08-18 12:24:49.153][debug][command:fe768a5a-1ba1-47a5-aff6-de37b0e6da56][tid:206][com.facebook.buck.parser.AbstractBuildFileSpec] Searching for BUCK files under /Users/macbookpro/Documents/CS using physical filesystem crawl (note: this is slow)
[2017-08-18 12:24:49.355][debug][command:fe768a5a-1ba1-47a5-aff6-de37b0e6da56][tid:206][com.facebook.buck.parser.AbstractBuildFileSpec] Completed search in 201 ms.
[2017-08-18 12:24:49.385][debug][command:fe768a5a-1ba1-47a5-aff6-de37b0e6da56][tid:206][com.facebook.buck.util.PkillProcessManager] Checking if Xcode is running...
[2017-08-18 12:24:49.514][debug][command:fe768a5a-1ba1-47a5-aff6-de37b0e6da56][tid:206][com.facebook.buck.util.PkillProcessManager] Process Xcode is not running
[2017-08-18 12:24:49.515][debug][command:fe768a5a-1ba1-47a5-aff6-de37b0e6da56][tid:206][com.facebook.buck.apple.project_generator.XCodeProjectCommandHelper] Xcode is not running.
[2017-08-18 12:24:49.733][debug][command:fe768a5a-1ba1-47a5-aff6-de37b0e6da56][tid:206][com.facebook.buck.apple.project_generator.XCodeProjectCommandHelper] Generating workspace for config targets []
[2017-08-18 12:24:49.733][info ][command:fe768a5a-1ba1-47a5-aff6-de37b0e6da56][tid:206][com.facebook.buck.cli.Main] Awaiting termination of HTTP Write executor service. Waiting for all jobs to complete, or up to maximum of 1800 seconds...
[2017-08-18 12:24:49.734][info ][command:fe768a5a-1ba1-47a5-aff6-de37b0e6da56][tid:206][com.facebook.buck.cli.Main] Awaiting termination of CounterAggregatorExecutor executor service. Waiting for all jobs to complete, or up to maximum of 20 seconds...
[2017-08-18 12:24:49.734][debug][command:fe768a5a-1ba1-47a5-aff6-de37b0e6da56][tid:218][com.facebook.buck.util.perf.ProcessTracker] shutDown
[2017-08-18 12:24:49.735][debug][command:fe768a5a-1ba1-47a5-aff6-de37b0e6da56][tid:217][com.google.common.util.concurrent.ServiceManager] Service PerfStatsTracking [TERMINATED] has terminated. Previous state was: STOPPING
[2017-08-18 12:24:49.737][debug][command:fe768a5a-1ba1-47a5-aff6-de37b0e6da56][tid:218][com.google.common.util.concurrent.ServiceManager] Service ProcessTracker [TERMINATED] has terminated. Previous state was: STOPPING
[2017-08-18 12:24:49.776][debug][command:fe768a5a-1ba1-47a5-aff6-de37b0e6da56][tid:206][com.facebook.buck.event.listener.SuperConsoleEventBusListener] Stopping render scheduler
[2017-08-18 12:24:49.947][info ][command:null][tid:206][com.facebook.buck.cli.Main] Awaiting termination of NETWORK executor service. Waiting for all jobs to complete, or up to maximum of 60 seconds...
[2017-08-18 12:24:49.947][info ][command:null][tid:206][com.facebook.buck.cli.Main] Awaiting termination of CPU executor service. Waiting for all jobs to complete, or up to maximum of 60 seconds...
[2017-08-18 12:24:49.947][info ][command:null][tid:206][com.facebook.buck.cli.Main] Awaiting termination of PROJECT executor service. Waiting for all jobs to complete, or up to maximum of 60 seconds...
[2017-08-18 12:24:49.948][info ][command:null][tid:206][com.facebook.buck.cli.Main] Awaiting termination of Disk IO executor service. Waiting for all jobs to complete, or up to maximum of 10 seconds...
[2017-08-18 12:24:49.948][warn ][command:null][tid:210][com.martiansoftware.nailgun.NGInputStream] Nailgun client read future was interrupted
java.lang.InterruptedException
	at java.util.concurrent.FutureTask.awaitDone(FutureTask.java:404)
	at java.util.concurrent.FutureTask.get(FutureTask.java:204)
	at com.martiansoftware.nailgun.NGInputStream$1.run(NGInputStream.java:91)
	at java.util.concurrent.Executors$RunnableAdapter.call(Executors.java:511)
	at java.util.concurrent.FutureTask.run(FutureTask.java:266)
	at java.util.concurrent.ThreadPoolExecutor.runWorker(ThreadPoolExecutor.java:1149)
	at java.util.concurrent.ThreadPoolExecutor$Worker.run(ThreadPoolExecutor.java:624)
	at java.lang.Thread.run(Thread.java:748)

[2017-08-18 12:24:49.948][debug][command:null][tid:206][com.facebook.buck.event.listener.ChromeTraceBuildListener] Writing Chrome trace to buck-out/log/2017-08-18_17h24m44s_projectcommand_fe768a5a-1ba1-47a5-aff6-de37b0e6da56/build.2017-08-18.12-24-44.fe768a5a-1ba1-47a5-aff6-de37b0e6da56.trace
[2017-08-18 12:24:49.948][debug][command:null][tid:210][com.martiansoftware.nailgun.NGInputStream] Nailgun client read shutting down
[2017-08-18 12:24:49.954][debug][command:null][tid:206][com.facebook.buck.io.WatchmanTransportClient] Closing Watchman transport.
[2017-08-18 12:24:49.955][debug][command:null][tid:206][com.facebook.buck.cli.Main] Done.
