[2017-08-29 10:20:23.930][info ][command:null][tid:01][com.facebook.buck.cli.HangMonitor] HangMonitorAutoStart
[2017-08-29 10:20:25.028][debug][command:null][tid:01][com.google.common.util.concurrent.ServiceManager] Starting HangMonitor [RUNNING].
[2017-08-29 10:20:25.044][debug][command:null][tid:01][com.google.common.util.concurrent.ServiceManager] Started HangMonitor [RUNNING] in 46.22 ms.
[2017-08-29 10:20:25.635][info ][command:null][tid:01][com.facebook.buck.cli.Main] enabling background process killing for buckd
[2017-08-29 10:20:25.646][info ][command:null][tid:01][com.facebook.buck.cli.Main] enabled background process killing for buckd
[2017-08-29 10:20:25.648][info ][command:null][tid:01][com.facebook.buck.cli.Main] initialized bg session killer
[2017-08-29 10:20:26.158][debug][command:null][tid:14][com.martiansoftware.nailgun.NGSession] Waiting for first client to connect
[2017-08-29 10:25:25.035][info ][command:null][tid:12][com.facebook.buck.cli.Main] No recent activity, dumping thread stacks (`tr , '\n'` to decode): Thread [Attach Listener],stack:[],Thread [NonReentrantSystemExit],stack:[sun.misc.Unsafe.park(Native Method), java.util.concurrent.locks.LockSupport.park(LockSupport.java:175), java.util.concurrent.locks.AbstractQueuedSynchronizer.parkAndCheckInterrupt(AbstractQueuedSynchronizer.java:836), java.util.concurrent.locks.AbstractQueuedSynchronizer.doAcquireSharedInterruptibly(AbstractQueuedSynchronizer.java:997), java.util.concurrent.locks.AbstractQueuedSynchronizer.acquireSharedInterruptibly(AbstractQueuedSynchronizer.java:1304), java.util.concurrent.CountDownLatch.await(CountDownLatch.java:231), com.facebook.buck.util.shutdown.NonReentrantSystemExit$1.run(NonReentrantSystemExit.java:44)],Thread [Finalizer],stack:[java.lang.Object.wait(Native Method), java.lang.ref.ReferenceQueue.remove(ReferenceQueue.java:143), java.lang.ref.ReferenceQueue.remove(ReferenceQueue.java:164), java.lang.ref.Finalizer$FinalizerThread.run(Finalizer.java:209)],Thread [Reference Handler],stack:[java.lang.Object.wait(Native Method), java.lang.Object.wait(Object.java:502), java.lang.ref.Reference.tryHandlePending(Reference.java:191), java.lang.ref.Reference$ReferenceHandler.run(Reference.java:153)],Thread [main],stack:[com.martiansoftware.nailgun.NGUnixDomainSocketLibrary.accept(Native Method), com.martiansoftware.nailgun.NGUnixDomainServerSocket.accept(NGUnixDomainServerSocket.java:157), com.martiansoftware.nailgun.NGServer.run(NGServer.java:438), com.facebook.buck.cli.Main$DaemonBootstrap.main(Main.java:1581), sun.reflect.NativeMethodAccessorImpl.invoke0(Native Method), sun.reflect.NativeMethodAccessorImpl.invoke(NativeMethodAccessorImpl.java:62), sun.reflect.DelegatingMethodAccessorImpl.invoke(DelegatingMethodAccessorImpl.java:43), java.lang.reflect.Method.invoke(Method.java:498), com.facebook.buck.cli.bootstrapper.ClassLoaderBootstrapper.main(ClassLoaderBootstrapper.java:55)],Thread [NGSession 1: (idle)],stack:[java.lang.Object.wait(Native Method), java.lang.Object.wait(Object.java:502), com.martiansoftware.nailgun.NGSession.nextSocket(NGSession.java:172), com.martiansoftware.nailgun.NGSession.run(NGSession.java:192)],
[2017-08-29 11:38:04.313][debug][command:null][tid:14][com.martiansoftware.nailgun.NGSession] Client connected
[2017-08-29 11:38:04.313][debug][command:null][tid:15][com.martiansoftware.nailgun.NGSession] Waiting for first client to connect
[2017-08-29 11:38:04.366][debug][command:null][tid:14][com.martiansoftware.nailgun.NGSession] Tearing down client socket
[2017-08-29 11:38:04.367][debug][command:null][tid:15][com.martiansoftware.nailgun.NGSession] Client connected
[2017-08-29 11:38:04.367][debug][command:null][tid:14][com.martiansoftware.nailgun.NGSession] Flushing client socket
[2017-08-29 11:38:04.368][debug][command:null][tid:18][com.martiansoftware.nailgun.NGSession] Waiting for first client to connect
[2017-08-29 11:38:04.372][debug][command:null][tid:15][com.martiansoftware.nailgun.NGSession] Tearing down client socket
[2017-08-29 11:38:04.372][debug][command:null][tid:15][com.martiansoftware.nailgun.NGSession] Flushing client socket
[2017-08-29 11:38:04.374][debug][command:null][tid:18][com.martiansoftware.nailgun.NGSession] Client connected
[2017-08-29 11:38:04.373][debug][command:null][tid:15][com.martiansoftware.nailgun.NGSession] Error shutting down socket I/O (this is expected if the client disconnected already)
java.io.IOException: com.sun.jna.LastErrorException: [57] Socket is not connected
	at com.martiansoftware.nailgun.NGUnixDomainSocket.doShutdown(NGUnixDomainSocket.java:74)
	at com.martiansoftware.nailgun.NGUnixDomainSocket.shutdownInput(NGUnixDomainSocket.java:60)
	at com.martiansoftware.nailgun.NGSession.run(NGSession.java:384)
Caused by: com.sun.jna.LastErrorException: [57] Socket is not connected
	at com.martiansoftware.nailgun.NGUnixDomainSocketLibrary.shutdown(Native Method)
	at com.martiansoftware.nailgun.NGUnixDomainSocket.doShutdown(NGUnixDomainSocket.java:71)
	... 2 more

[2017-08-29 11:38:04.368][debug][command:null][tid:14][com.martiansoftware.nailgun.NGSession] Error shutting down socket I/O (this is expected if the client disconnected already)
java.io.IOException: com.sun.jna.LastErrorException: [57] Socket is not connected
	at com.martiansoftware.nailgun.NGUnixDomainSocket.doShutdown(NGUnixDomainSocket.java:74)
	at com.martiansoftware.nailgun.NGUnixDomainSocket.shutdownInput(NGUnixDomainSocket.java:60)
	at com.martiansoftware.nailgun.NGSession.run(NGSession.java:384)
Caused by: com.sun.jna.LastErrorException: [57] Socket is not connected
	at com.martiansoftware.nailgun.NGUnixDomainSocketLibrary.shutdown(Native Method)
	at com.martiansoftware.nailgun.NGUnixDomainSocket.doShutdown(NGUnixDomainSocket.java:71)
	... 2 more

[2017-08-29 11:38:04.374][warn ][command:null][tid:19][com.martiansoftware.nailgun.NGInputStream] Nailgun client read future was interrupted
java.lang.InterruptedException
	at java.util.concurrent.FutureTask.awaitDone(FutureTask.java:404)
	at java.util.concurrent.FutureTask.get(FutureTask.java:204)
	at com.martiansoftware.nailgun.NGInputStream$1.run(NGInputStream.java:91)
	at java.util.concurrent.Executors$RunnableAdapter.call(Executors.java:511)
	at java.util.concurrent.FutureTask.run(FutureTask.java:266)
	at java.util.concurrent.ThreadPoolExecutor.runWorker(ThreadPoolExecutor.java:1149)
	at java.util.concurrent.ThreadPoolExecutor$Worker.run(ThreadPoolExecutor.java:624)
	at java.lang.Thread.run(Thread.java:748)

[2017-08-29 11:38:04.367][warn ][command:null][tid:16][com.martiansoftware.nailgun.NGInputStream] Nailgun client read future raised an exception
java.util.concurrent.ExecutionException: java.lang.RuntimeException: java.io.EOFException
	at java.util.concurrent.FutureTask.report(FutureTask.java:122)
	at java.util.concurrent.FutureTask.get(FutureTask.java:206)
	at com.martiansoftware.nailgun.NGInputStream$1.run(NGInputStream.java:91)
	at java.util.concurrent.Executors$RunnableAdapter.call(Executors.java:511)
	at java.util.concurrent.FutureTask.run(FutureTask.java:266)
	at java.util.concurrent.ThreadPoolExecutor.runWorker(ThreadPoolExecutor.java:1149)
	at java.util.concurrent.ThreadPoolExecutor$Worker.run(ThreadPoolExecutor.java:624)
	at java.lang.Thread.run(Thread.java:748)
Caused by: java.lang.RuntimeException: java.io.EOFException
	at com.martiansoftware.nailgun.NGInputStream$1$1.run(NGInputStream.java:85)
	... 5 more
Caused by: java.io.EOFException
	at java.io.DataInputStream.readInt(DataInputStream.java:392)
	at com.martiansoftware.nailgun.NGInputStream.readChunk(NGInputStream.java:198)
	at com.martiansoftware.nailgun.NGInputStream.access$000(NGInputStream.java:35)
	at com.martiansoftware.nailgun.NGInputStream$1$1.run(NGInputStream.java:83)
	... 5 more

[2017-08-29 11:38:04.375][debug][command:null][tid:14][com.martiansoftware.nailgun.NGSession] Closing client socket
[2017-08-29 11:38:04.375][debug][command:null][tid:21][com.martiansoftware.nailgun.NGSession] Waiting for first client to connect
[2017-08-29 11:38:04.376][debug][command:null][tid:15][com.martiansoftware.nailgun.NGSession] Closing client socket
[2017-08-29 11:38:04.377][debug][command:null][tid:16][com.martiansoftware.nailgun.NGInputStream] Nailgun client read shutting down
[2017-08-29 11:38:04.377][debug][command:null][tid:14][com.martiansoftware.nailgun.NGSession] Finished tearing down client socket
[2017-08-29 11:38:04.377][debug][command:null][tid:19][com.martiansoftware.nailgun.NGInputStream] Nailgun client read shutting down
[2017-08-29 11:38:04.378][debug][command:null][tid:14][com.martiansoftware.nailgun.NGSession] Waiting for next client to connect
[2017-08-29 11:38:04.378][debug][command:null][tid:15][com.martiansoftware.nailgun.NGSession] Finished tearing down client socket
[2017-08-29 11:38:04.378][info ][command:null][tid:14][com.martiansoftware.nailgun.NGSession] NGSession shutting down
[2017-08-29 11:38:04.379][debug][command:null][tid:15][com.martiansoftware.nailgun.NGSession] Waiting for next client to connect
[2017-08-29 11:38:04.380][info ][command:null][tid:15][com.martiansoftware.nailgun.NGSession] NGSession shutting down
[2017-08-29 11:38:04.848][debug][command:null][tid:18][com.facebook.buck.cli.Main] Rotating log.
[2017-08-29 11:38:04.877][debug][command:null][tid:18][com.facebook.buck.cli.Main] Starting up (build date 2017-05-31 05:34:58 -0500, rev v2017.05.31.01), args: [query, --json, kind("apple_binary|apple_library|apple_test|cxx_binary|cxx_library|cxx_test", owner("/Users/macbookpro/Documents/CS/CS101/ejercicios/3-7.c")), --config, client.id=nuclide]
[2017-08-29 11:38:04.948][debug][command:null][tid:18][com.facebook.buck.cli.Main] System properties: {java.vendor=Oracle Corporation, sun.java.launcher=SUN_STANDARD, sun.management.compiler=HotSpot 64-Bit Tiered Compilers, jnidispatch.path=/Users/macbookpro/Documents/CS/.buckd/tmp/buck_run.LREEA6/jna-1629665013/jna4683492835498549035.tmp, os.name=Mac OS X, buck.enable_objc=true, sun.boot.class.path=/Library/Java/JavaVirtualMachines/jdk1.8.0_144.jdk/Contents/Home/jre/lib/resources.jar:/Library/Java/JavaVirtualMachines/jdk1.8.0_144.jdk/Contents/Home/jre/lib/rt.jar:/Library/Java/JavaVirtualMachines/jdk1.8.0_144.jdk/Contents/Home/jre/lib/sunrsasign.jar:/Library/Java/JavaVirtualMachines/jdk1.8.0_144.jdk/Contents/Home/jre/lib/jsse.jar:/Library/Java/JavaVirtualMachines/jdk1.8.0_144.jdk/Contents/Home/jre/lib/jce.jar:/Library/Java/JavaVirtualMachines/jdk1.8.0_144.jdk/Contents/Home/jre/lib/charsets.jar:/Library/Java/JavaVirtualMachines/jdk1.8.0_144.jdk/Contents/Home/jre/lib/jfr.jar:/Library/Java/JavaVirtualMachines/jdk1.8.0_144.jdk/Contents/Home/jre/classes, buck.resource_lock_path=/Users/macbookpro/Documents/CS/.buckd/resources/v2017.05.31.01/.buck_lock, java.vm.specification.vendor=Oracle Corporation, java.runtime.version=1.8.0_144-b01, jna.loaded=true, buck.testrunner_classes=/Users/macbookpro/Documents/CS/.buckd/resources/v2017.05.31.01/testrunner_classes, buck.logging_config_file=/Users/macbookpro/Documents/CS/.buckd/resources/v2017.05.31.01/logging_config_file, buck.path_to_sh_binary_template=/Users/macbookpro/Documents/CS/.buckd/resources/v2017.05.31.01/path_to_sh_binary_template, user.name=macbookpro, buck.path_to_pywatchman=/Users/macbookpro/Documents/CS/.buckd/resources/v2017.05.31.01/path_to_pywatchman, buck.report_generator_jar=/Users/macbookpro/Documents/CS/.buckd/resources/v2017.05.31.01/report_generator_jar, buck.git_commit=v2017.05.31.01, user.language=en, sun.boot.library.path=/Library/Java/JavaVirtualMachines/jdk1.8.0_144.jdk/Contents/Home/jre/lib, java.version=1.8.0_144, user.timezone=America/Mexico_City, buck.test_util_no_tests_dir=true, sun.arch.data.model=64, http.nonProxyHosts=local|*.local|169.254/16|*.169.254/16, java.endorsed.dirs=/Library/Java/JavaVirtualMachines/jdk1.8.0_144.jdk/Contents/Home/jre/lib/endorsed, sun.cpu.isalist=, sun.jnu.encoding=UTF-8, file.encoding.pkg=sun.io, file.separator=/, java.specification.name=Java Platform API Specification, buck.jacoco_agent_jar=/Users/macbookpro/Documents/CS/.buckd/resources/v2017.05.31.01/jacoco_agent_jar, java.class.version=52.0, user.country=US, java.home=/Library/Java/JavaVirtualMachines/jdk1.8.0_144.jdk/Contents/Home/jre, java.vm.info=mixed mode, os.version=10.12.5, buck.version_uid=v2017.05.31.01, org.eclipse.jetty.util.log.class=org.eclipse.jetty.util.log.JavaUtilLog, path.separator=:, java.vm.version=25.144-b01, java.awt.printerjob=sun.lwawt.macosx.CPrinterJob, sun.io.unicode.encoding=UnicodeBig, awt.toolkit=sun.lwawt.macosx.LWCToolkit, socksNonProxyHosts=local|*.local|169.254/16|*.169.254/16, buck.buck_build_type_info=/Users/macbookpro/Documents/CS/.buckd/resources/v2017.05.31.01/buck_build_type_info, ftp.nonProxyHosts=local|*.local|169.254/16|*.169.254/16, buck.dx=/Users/macbookpro/Documents/CS/.buckd/resources/v2017.05.31.01/dx, buck.git_commit_timestamp=1496226898, user.home=/Users/macbookpro, buck.path_to_asm_jar=/Users/macbookpro/Documents/CS/.buckd/resources/v2017.05.31.01/path_to_asm_jar, java.specification.vendor=Oracle Corporation, buck.git_dirty=0, java.library.path=/Users/macbookpro/Documents/CS/.buckd/resources/v2017.05.31.01, java.vendor.url=http://java.oracle.com/, java.vm.vendor=Oracle Corporation, gopherProxySet=false, java.runtime.name=Java(TM) SE Runtime Environment, sun.java.command=com.facebook.buck.cli.bootstrapper.ClassLoaderBootstrapper com.facebook.buck.cli.Main$DaemonBootstrap local:.buckd/sock 60000, java.class.path=/Users/macbookpro/Documents/CS/.buckd/resources/v2017.05.31.01/bootstrapper_jar, buck.buckd_dir=/Users/macbookpro/Documents/CS/.buckd, buck.path_to_pathlib_py=/Users/macbookpro/Documents/CS/.buckd/resources/v2017.05.31.01/pathlib.py, buck.buckd_launch_time_nanos=983137699324, java.vm.specification.name=Java Virtual Machine Specification, com.martiansoftware.nailgun.NGServer.outputPath=/Users/macbookpro/Documents/CS/.buckd/tmp/buck_run.LREEA6/ngserver-out, java.vm.specification.version=1.8, sun.cpu.endian=little, buck.path_to_rawmanifest_py=/Users/macbookpro/Documents/CS/.buckd/resources/v2017.05.31.01/rawmanifest.py, sun.os.patch.level=unknown, java.awt.headless=true, java.io.tmpdir=/Users/macbookpro/Documents/CS/.buckd/tmp/buck_run.LREEA6, buck.android_agent_path=/Users/macbookpro/Documents/CS/.buckd/resources/v2017.05.31.01/android_agent_path, java.vendor.url.bug=http://bugreport.sun.com/bugreport/, jna.platform.library.path=/usr/lib:/usr/lib, os.arch=x86_64, java.awt.graphicsenv=sun.awt.CGraphicsEnvironment, buck.path_to_pex=/Users/macbookpro/Documents/CS/.buckd/resources/v2017.05.31.01/path_to_pex, java.ext.dirs=/Users/macbookpro/Library/Java/Extensions:/Library/Java/JavaVirtualMachines/jdk1.8.0_144.jdk/Contents/Home/jre/lib/ext:/Library/Java/Extensions:/Network/Library/Java/Extensions:/System/Library/Java/Extensions:/usr/lib/java, java.util.logging.config.class=com.facebook.buck.cli.bootstrapper.LogConfig, user.dir=/Users/macbookpro/Documents/CS, line.separator=
, java.vm.name=Java HotSpot(TM) 64-Bit Server VM, buck.path_to_typing=/Users/macbookpro/Documents/CS/.buckd/resources/v2017.05.31.01/path_to_typing, buck.native_exopackage_fake_path=/Users/macbookpro/Documents/CS/.buckd/resources/v2017.05.31.01/native_exopackage_fake_path, file.encoding=UTF-8, java.specification.version=1.8}
[2017-08-29 11:38:05.130][debug][command:null][tid:18][com.facebook.buck.config.Configs] Loading configuration for /Users/macbookpro/Documents/CS
[2017-08-29 11:38:05.268][debug][command:null][tid:18][com.facebook.buck.config.Configs] Loaded a configuration file /Users/macbookpro/Documents/CS/.buckconfig: {}
[2017-08-29 11:38:05.269][debug][command:null][tid:18][com.facebook.buck.config.Configs] Adding configuration overrides RawConfig{values={client={id=nuclide}}}
[2017-08-29 11:38:05.796][info ][command:null][tid:18][com.facebook.buck.io.Watchman] Creating for: [/Users/macbookpro/Documents/CS]
[2017-08-29 11:38:05.872][debug][command:null][tid:18][com.facebook.buck.io.ExecutableFinder] Executable 'watchman' mapped to 'Optional[/usr/local/bin/watchman]'
[2017-08-29 11:38:05.905][debug][command:null][tid:18][com.facebook.buck.util.ListeningProcessExecutor] Launching process with params ProcessExecutorParams{command=[/usr/local/bin/watchman, --output-encoding=bser, get-sockname]}
[2017-08-29 11:38:06.127][debug][command:null][tid:18][com.facebook.buck.util.ListeningProcessExecutor] Successfully launched process com.zaxxer.nuprocess.osx.OsxProcess@7e002253
[2017-08-29 11:38:06.128][debug][command:null][tid:18][com.facebook.buck.util.ListeningProcessExecutor] Waiting for process com.facebook.buck.util.ListeningProcessExecutor$LaunchedProcessImpl@3f73642d timeout 1000000000 NANOSECONDS
[2017-08-29 11:38:06.205][debug][command:null][tid:18][com.facebook.buck.util.ListeningProcessExecutor] Wait for process returned 0
[2017-08-29 11:38:06.205][debug][command:null][tid:18][com.facebook.buck.io.Watchman] Waited 77 ms for Watchman command get-sockname, exit code 0
[2017-08-29 11:38:06.252][debug][command:null][tid:18][com.facebook.buck.io.Watchman] stdout of command: {version=4.7.0, sockname=/usr/local/var/run/watchman/macbookpro-state/sock}
[2017-08-29 11:38:06.252][info ][command:null][tid:18][com.facebook.buck.io.Watchman] Connecting to Watchman version 4.7.0 at /usr/local/var/run/watchman/macbookpro-state/sock
[2017-08-29 11:38:06.343][debug][command:null][tid:18][com.facebook.buck.io.Watchman] Connected to Watchman
[2017-08-29 11:38:06.355][debug][command:null][tid:27][com.facebook.buck.io.WatchmanTransportClient] Sending query: [version, {required=[cmd-watch-project], optional=[term-dirname, cmd-watch-project, wildmatch, wildmatch_multislash, glob_generator, clock-sync-timeout]}]
[2017-08-29 11:38:06.361][debug][command:null][tid:18][com.facebook.buck.io.WatchmanTransportClient] Query [version, {required=[cmd-watch-project], optional=[term-dirname, cmd-watch-project, wildmatch, wildmatch_multislash, glob_generator, clock-sync-timeout]}] returned in 6 ms
[2017-08-29 11:38:06.361][info ][command:null][tid:18][com.facebook.buck.io.Watchman] Took 18 ms to query capabilities {term-dirname=DIRNAME, cmd-watch-project=SUPPORTS_PROJECT_WATCH, wildmatch=WILDMATCH_GLOB, wildmatch_multislash=WILDMATCH_MULTISLASH, glob_generator=GLOB_GENERATOR, clock-sync-timeout=CLOCK_SYNC_TIMEOUT}
[2017-08-29 11:38:06.365][debug][command:null][tid:18][com.facebook.buck.io.Watchman] Got capabilities response: {term-dirname=true, cmd-watch-project=true, wildmatch=true, wildmatch_multislash=false, glob_generator=true, clock-sync-timeout=true}
[2017-08-29 11:38:06.366][debug][command:null][tid:18][com.facebook.buck.io.Watchman] Got Watchman capabilities: [DIRNAME, SUPPORTS_PROJECT_WATCH, WILDMATCH_GLOB, GLOB_GENERATOR, CLOCK_SYNC_TIMEOUT]
[2017-08-29 11:38:06.366][info ][command:null][tid:18][com.facebook.buck.io.Watchman] Adding watchman root: /Users/macbookpro/Documents/CS
[2017-08-29 11:38:06.366][debug][command:null][tid:27][com.facebook.buck.io.WatchmanTransportClient] Sending query: [watch-project, /Users/macbookpro/Documents/CS]
[2017-08-29 11:38:06.367][debug][command:null][tid:18][com.facebook.buck.io.WatchmanTransportClient] Query [watch-project, /Users/macbookpro/Documents/CS] returned in 0 ms
[2017-08-29 11:38:06.367][debug][command:null][tid:27][com.facebook.buck.io.WatchmanTransportClient] Sending query: [watch-project, /Users/macbookpro/Documents/CS]
[2017-08-29 11:38:06.368][debug][command:null][tid:18][com.facebook.buck.io.WatchmanTransportClient] Query [watch-project, /Users/macbookpro/Documents/CS] returned in 0 ms
[2017-08-29 11:38:06.368][info ][command:null][tid:18][com.facebook.buck.io.Watchman] Took 2 ms to add root /Users/macbookpro/Documents/CS
[2017-08-29 11:38:06.374][debug][command:null][tid:27][com.facebook.buck.io.WatchmanTransportClient] Sending query: [clock, /Users/macbookpro/Documents/CS, {sync_timeout=100}]
[2017-08-29 11:38:06.387][debug][command:null][tid:18][com.facebook.buck.io.WatchmanTransportClient] Query [clock, /Users/macbookpro/Documents/CS, {sync_timeout=100}] returned in 12 ms
[2017-08-29 11:38:06.387][info ][command:null][tid:18][com.facebook.buck.io.Watchman] Took 13 ms to query for initial clock id Optional[c:1504019116:348:4:351]
[2017-08-29 11:38:06.388][debug][command:null][tid:18][com.facebook.buck.cli.Main] Watchman capabilities: [DIRNAME, SUPPORTS_PROJECT_WATCH, WILDMATCH_GLOB, GLOB_GENERATOR, CLOCK_SYNC_TIMEOUT] Project watches: {/Users/macbookpro/Documents/CS=ProjectWatch{watchRoot=/Users/macbookpro/Documents/CS}} Glob handler config: PYTHON Query timeout ms config: Optional.empty
[2017-08-29 11:38:06.453][debug][command:null][tid:18][com.facebook.buck.cli.DaemonLifecycleManager] Starting up daemon for project root [/Users/macbookpro/Documents/CS]
[2017-08-29 11:38:08.124][warn ][command:null][tid:18][com.facebook.buck.cli.Daemon] Can't start web server
[2017-08-29 11:38:08.127][debug][command:null][tid:18][com.facebook.buck.cli.Daemon] Using Watchman Cursor: {/Users/macbookpro/Documents/CS=c:1504019116:348:4:351}
